2025-10-16 17:11:14,895 - donations_pipeline - INFO - [logger.py:93] - ================================================================================
2025-10-16 17:11:14,895 - donations_pipeline - INFO - [logger.py:93] - Donations Analytics Pipeline - Starting
2025-10-16 17:11:14,895 - donations_pipeline - INFO - [logger.py:93] - ================================================================================
2025-10-16 17:11:14,896 - donations_pipeline - INFO - [logger.py:59] - Starting: [1/7] Data Loading
2025-10-16 17:11:14,896 - donations_pipeline - INFO - [logger.py:93] - Loading data from CSV: C:\Users\zifue\Source\Repos\Python_dvl_env\Data\Input\FullDataTable.csv
2025-10-16 17:11:15,031 - donations_pipeline - INFO - [logger.py:93] - Loaded 35,612 rows, 43 columns
2025-10-16 17:11:15,061 - donations_pipeline - INFO - [logger.py:93] - ✓ All required columns present
2025-10-16 17:11:15,062 - donations_pipeline - WARNING - [logger.py:97] - Amount: 903 negative values
2025-10-16 17:11:15,062 - donations_pipeline - WARNING - [logger.py:97] - Amount: 7 zero values
2025-10-16 17:11:15,062 - donations_pipeline - INFO - [logger.py:93] - ✓ Data quality checks passed (35,612 rows)
2025-10-16 17:11:15,063 - donations_pipeline - INFO - [logger.py:93] - ✓ Date range: 1899-12-31 to 2025-08-11 (125.6 years)
2025-10-16 17:11:15,063 - donations_pipeline - WARNING - [logger.py:97] - Date range exceeds 50 years - verify data
2025-10-16 17:11:15,086 - donations_pipeline - WARNING - [logger.py:97] - Relationship flag issues detected:
  - PastParent: 12 invalid values
2025-10-16 17:11:15,086 - donations_pipeline - INFO - [logger.py:70] - Completed: [1/7] Data Loading (0.19s)
2025-10-16 17:11:15,086 - donations_pipeline - INFO - [logger.py:59] - Starting: [2/7] Data Preprocessing
2025-10-16 17:11:15,086 - donations_pipeline - INFO - [logger.py:93] - Starting data preprocessing
2025-10-16 17:11:15,178 - donations_pipeline - WARNING - [logger.py:97] - PastParent: Found 12 rows with invalid values
2025-10-16 17:11:15,205 - donations_pipeline - INFO - [logger.py:93] - Exported 12 relationship flag anomalies to: C:\Users\zifue\Source\Repos\Python_dvl_env\Data\Output\IDR_v1\relationship_flag_anomalies.csv
2025-10-16 17:11:15,357 - donations_pipeline - INFO - [logger.py:93] - Removed 910 rows with non-positive amounts
2025-10-16 17:11:15,361 - donations_pipeline - INFO - [logger.py:93] - Preprocessing complete: 35,612 → 34,702 rows (43 → 46 columns)
2025-10-16 17:11:15,589 - donations_pipeline - INFO - [logger.py:93] - Cleaned data exported: C:\Users\zifue\Source\Repos\Python_dvl_env\Data\Output\IDR_v1\cleaned_donations.csv
2025-10-16 17:11:15,589 - donations_pipeline - INFO - [logger.py:70] - Completed: [2/7] Data Preprocessing (0.50s)
2025-10-16 17:11:15,590 - donations_pipeline - INFO - [logger.py:93] - Ensuring sklearn compatibility (converting pd.NA)...
2025-10-16 17:11:15,976 - donations_pipeline - INFO - [logger.py:93] - Conversion complete
2025-10-16 17:11:15,988 - donations_pipeline - INFO - [logger.py:93] - 
================================================================================
2025-10-16 17:11:15,989 - donations_pipeline - INFO - [logger.py:93] - Analyzing: Since 2000
2025-10-16 17:11:15,989 - donations_pipeline - INFO - [logger.py:93] - ================================================================================
2025-10-16 17:11:15,990 - donations_pipeline - INFO - [logger.py:59] - Starting: [3/7] Basic Data Analytics - since_2000
2025-10-16 17:11:16,012 - donations_pipeline - INFO - [logger.py:93] - Yearly trend: 26 years, total $21,376,073
2025-10-16 17:11:16,039 - donations_pipeline - INFO - [logger.py:93] - Monthly trend: 303 months
2025-10-16 17:11:16,194 - donations_pipeline - INFO - [logger.py:93] - Appeal analysis: 182 appeals, top: 2021MG
2025-10-16 17:11:16,202 - donations_pipeline - INFO - [logger.py:93] - Fund analysis: 7 funds, top: BF
2025-10-16 17:11:16,202 - donations_pipeline - INFO - [logger.py:93] - Generated 8 descriptive reports
2025-10-16 17:11:16,214 - donations_pipeline - INFO - [logger.py:59] - Starting: RFM Computation
2025-10-16 17:11:16,231 - donations_pipeline - INFO - [logger.py:93] - Using computed reference date: 2025-08-12
2025-10-16 17:11:16,668 - donations_pipeline - INFO - [logger.py:93] - RFM Segment distribution:
2025-10-16 17:11:16,669 - donations_pipeline - INFO - [logger.py:93] -   Regular: 2,341 (55.2%)
2025-10-16 17:11:16,669 - donations_pipeline - INFO - [logger.py:93] -   At Risk / Lapsed: 903 (21.3%)
2025-10-16 17:11:16,670 - donations_pipeline - INFO - [logger.py:93] -   Champion: 682 (16.1%)
2025-10-16 17:11:16,670 - donations_pipeline - INFO - [logger.py:93] -   Loyal: 170 (4.0%)
2025-10-16 17:11:16,670 - donations_pipeline - INFO - [logger.py:93] -   High Potential: 148 (3.5%)
2025-10-16 17:11:16,670 - donations_pipeline - INFO - [logger.py:93] - RFM computed for 4,244 donors
2025-10-16 17:11:16,670 - donations_pipeline - INFO - [logger.py:70] - Completed: RFM Computation (0.46s)
2025-10-16 17:11:16,687 - donations_pipeline - INFO - [logger.py:93] - Identified 2,650 lapsed donors (>730 days, ≥$200 lifetime)
2025-10-16 17:11:16,703 - donations_pipeline - INFO - [logger.py:93] - Relationship summary: 17 unique combinations
2025-10-16 17:11:16,715 - donations_pipeline - INFO - [logger.py:70] - Completed: [3/7] Basic Data Analytics - since_2000 (0.72s)
2025-10-16 17:11:16,715 - donations_pipeline - INFO - [logger.py:59] - Starting: [4/7] Predictive Analytics - since_2000
2025-10-16 17:11:16,716 - donations_pipeline - INFO - [logger.py:59] - Starting: Training Re-donation Propensity Models
2025-10-16 17:11:16,717 - donations_pipeline - INFO - [logger.py:93] - Building re-donation panel: 47 cutoffs
2025-10-16 17:11:28,087 - donations_pipeline - INFO - [logger.py:93] - Panel created: 115,872 observations, 19,541 positive labels (16.9%)
2025-10-16 17:11:28,223 - donations_pipeline - INFO - [logger.py:93] - Time-based split: train=95,985 (82.8%), test=19,887 (17.2%)
2025-10-16 17:11:28,377 - donations_pipeline - INFO - [logger.py:59] - Starting: Training LogisticRegression
2025-10-16 17:11:28,377 - donations_pipeline - INFO - [logger.py:93] - [LogisticRegression] Building pipeline...
2025-10-16 17:11:28,377 - donations_pipeline - INFO - [logger.py:93] - [LogisticRegression] Starting model fitting (this is the main training step)...
2025-10-16 17:11:50,683 - donations_pipeline - INFO - [logger.py:93] - [LogisticRegression] Model fitting complete.
2025-10-16 17:11:50,683 - donations_pipeline - INFO - [logger.py:93] - [LogisticRegression] Starting model evaluation on test data...
2025-10-16 17:11:50,824 - donations_pipeline - INFO - [logger.py:93] - LogisticRegression: AUC=0.911, F1=0.841
2025-10-16 17:11:50,825 - donations_pipeline - INFO - [logger.py:93] - [LogisticRegression] Model evaluation complete.
2025-10-16 17:11:50,825 - donations_pipeline - INFO - [logger.py:93] - [LogisticRegression] Storing results and saving model artifacts to disk...
2025-10-16 17:11:50,830 - donations_pipeline - INFO - [logger.py:93] - Model saved: C:\Users\zifue\Source\Repos\Python_dvl_env\Data\Output\IDR_v1\since_2000\propensity_LogisticRegression_model.pkl
2025-10-16 17:11:50,832 - donations_pipeline - INFO - [logger.py:93] - [LogisticRegression] Artifacts saved successfully.
2025-10-16 17:11:50,833 - donations_pipeline - INFO - [logger.py:70] - Completed: Training LogisticRegression (22.46s)
2025-10-16 17:11:50,833 - donations_pipeline - INFO - [logger.py:59] - Starting: Training RandomForest
2025-10-16 17:11:50,833 - donations_pipeline - INFO - [logger.py:93] - [RandomForest] Building pipeline...
2025-10-16 17:11:50,833 - donations_pipeline - INFO - [logger.py:93] - [RandomForest] Starting model fitting (this is the main training step)...
2025-10-16 17:13:03,050 - donations_pipeline - INFO - [logger.py:93] - [RandomForest] Model fitting complete.
2025-10-16 17:13:03,051 - donations_pipeline - INFO - [logger.py:93] - [RandomForest] Starting model evaluation on test data...
2025-10-16 17:13:03,806 - donations_pipeline - INFO - [logger.py:93] - RandomForest: AUC=0.916, F1=0.930
2025-10-16 17:13:03,806 - donations_pipeline - INFO - [logger.py:93] - [RandomForest] Model evaluation complete.
2025-10-16 17:13:03,806 - donations_pipeline - INFO - [logger.py:93] - [RandomForest] Storing results and saving model artifacts to disk...
2025-10-16 17:13:04,432 - donations_pipeline - INFO - [logger.py:93] - Model saved: C:\Users\zifue\Source\Repos\Python_dvl_env\Data\Output\IDR_v1\since_2000\propensity_RandomForest_model.pkl
2025-10-16 17:13:04,434 - donations_pipeline - INFO - [logger.py:93] - [RandomForest] Artifacts saved successfully.
2025-10-16 17:13:04,434 - donations_pipeline - INFO - [logger.py:70] - Completed: Training RandomForest (73.60s)
2025-10-16 17:13:04,434 - donations_pipeline - INFO - [logger.py:59] - Starting: Training LightGBM
2025-10-16 17:13:04,434 - donations_pipeline - INFO - [logger.py:93] - [LightGBM] Building pipeline...
2025-10-16 17:13:04,434 - donations_pipeline - INFO - [logger.py:93] - [LightGBM] Starting model fitting (this is the main training step)...
2025-10-16 17:13:08,349 - donations_pipeline - INFO - [logger.py:93] - [LightGBM] Model fitting complete.
2025-10-16 17:13:08,350 - donations_pipeline - INFO - [logger.py:93] - [LightGBM] Starting model evaluation on test data...
2025-10-16 17:13:08,610 - donations_pipeline - INFO - [logger.py:93] - LightGBM: AUC=0.921, F1=0.887
2025-10-16 17:13:08,610 - donations_pipeline - INFO - [logger.py:93] - [LightGBM] Model evaluation complete.
2025-10-16 17:13:08,610 - donations_pipeline - INFO - [logger.py:93] - [LightGBM] Storing results and saving model artifacts to disk...
2025-10-16 17:13:08,635 - donations_pipeline - INFO - [logger.py:93] - Model saved: C:\Users\zifue\Source\Repos\Python_dvl_env\Data\Output\IDR_v1\since_2000\propensity_LightGBM_model.pkl
2025-10-16 17:13:08,637 - donations_pipeline - INFO - [logger.py:93] - [LightGBM] Artifacts saved successfully.
2025-10-16 17:13:08,637 - donations_pipeline - INFO - [logger.py:70] - Completed: Training LightGBM (4.20s)
2025-10-16 17:13:08,841 - donations_pipeline - INFO - [logger.py:93] - Feature importance exported: C:\Users\zifue\Source\Repos\Python_dvl_env\Data\Output\IDR_v1\since_2000\field_importance_propensity_RandomForest.csv
2025-10-16 17:13:08,847 - donations_pipeline - INFO - [logger.py:93] - Feature importance exported: C:\Users\zifue\Source\Repos\Python_dvl_env\Data\Output\IDR_v1\since_2000\field_importance_propensity_LightGBM.csv
2025-10-16 17:13:08,848 - donations_pipeline - INFO - [logger.py:70] - Completed: Training Re-donation Propensity Models (112.13s)
2025-10-16 17:13:08,908 - donations_pipeline - INFO - [logger.py:59] - Starting: Training Major Gift Propensity Models
2025-10-16 17:13:08,910 - donations_pipeline - INFO - [logger.py:93] - Building major gift panel: 47 cutoffs, threshold=$1,000
2025-10-16 17:13:22,180 - donations_pipeline - INFO - [logger.py:93] - Major gift panel: 115,872 observations, 2,341 major gifts (2.0%)
2025-10-16 17:13:22,319 - donations_pipeline - INFO - [logger.py:93] - Time-based split: train=95,985 (82.8%), test=19,887 (17.2%)
2025-10-16 17:13:22,319 - donations_pipeline - INFO - [logger.py:59] - Starting: Training LogisticRegression
2025-10-16 17:13:22,321 - donations_pipeline - INFO - [logger.py:93] - [LogisticRegression] Building pipeline...
2025-10-16 17:13:22,321 - donations_pipeline - INFO - [logger.py:93] - [LogisticRegression] Starting model fitting (this is the main training step)...
2025-10-16 17:13:44,904 - donations_pipeline - INFO - [logger.py:93] - [LogisticRegression] Model fitting complete.
2025-10-16 17:13:44,904 - donations_pipeline - INFO - [logger.py:93] - [LogisticRegression] Starting model evaluation on test data...
2025-10-16 17:13:45,051 - donations_pipeline - INFO - [logger.py:93] - LogisticRegression: AUC=0.906, F1=0.930
2025-10-16 17:13:45,051 - donations_pipeline - INFO - [logger.py:93] - [LogisticRegression] Model evaluation complete.
2025-10-16 17:13:45,052 - donations_pipeline - INFO - [logger.py:93] - [LogisticRegression] Storing results and saving model artifacts to disk...
2025-10-16 17:13:45,057 - donations_pipeline - INFO - [logger.py:93] - Model saved: C:\Users\zifue\Source\Repos\Python_dvl_env\Data\Output\IDR_v1\since_2000\propensity_LogisticRegression_model.pkl
2025-10-16 17:13:45,058 - donations_pipeline - INFO - [logger.py:93] - [LogisticRegression] Artifacts saved successfully.
2025-10-16 17:13:45,058 - donations_pipeline - INFO - [logger.py:70] - Completed: Training LogisticRegression (22.74s)
2025-10-16 17:13:45,058 - donations_pipeline - INFO - [logger.py:59] - Starting: Training RandomForest
2025-10-16 17:13:45,059 - donations_pipeline - INFO - [logger.py:93] - [RandomForest] Building pipeline...
2025-10-16 17:13:45,059 - donations_pipeline - INFO - [logger.py:93] - [RandomForest] Starting model fitting (this is the main training step)...
2025-10-16 17:14:02,673 - donations_pipeline - INFO - [logger.py:93] - [RandomForest] Model fitting complete.
2025-10-16 17:14:02,674 - donations_pipeline - INFO - [logger.py:93] - [RandomForest] Starting model evaluation on test data...
2025-10-16 17:14:03,227 - donations_pipeline - INFO - [logger.py:93] - RandomForest: AUC=0.923, F1=0.985
2025-10-16 17:14:03,228 - donations_pipeline - INFO - [logger.py:93] - [RandomForest] Model evaluation complete.
2025-10-16 17:14:03,229 - donations_pipeline - INFO - [logger.py:93] - [RandomForest] Storing results and saving model artifacts to disk...
2025-10-16 17:14:03,532 - donations_pipeline - INFO - [logger.py:93] - Model saved: C:\Users\zifue\Source\Repos\Python_dvl_env\Data\Output\IDR_v1\since_2000\propensity_RandomForest_model.pkl
2025-10-16 17:14:03,533 - donations_pipeline - INFO - [logger.py:93] - [RandomForest] Artifacts saved successfully.
2025-10-16 17:14:03,533 - donations_pipeline - INFO - [logger.py:70] - Completed: Training RandomForest (18.48s)
2025-10-16 17:14:03,533 - donations_pipeline - INFO - [logger.py:59] - Starting: Training LightGBM
2025-10-16 17:14:03,533 - donations_pipeline - INFO - [logger.py:93] - [LightGBM] Building pipeline...
2025-10-16 17:14:03,533 - donations_pipeline - INFO - [logger.py:93] - [LightGBM] Starting model fitting (this is the main training step)...
2025-10-16 17:14:04,577 - donations_pipeline - INFO - [logger.py:93] - [LightGBM] Model fitting complete.
2025-10-16 17:14:04,577 - donations_pipeline - INFO - [logger.py:93] - [LightGBM] Starting model evaluation on test data...
2025-10-16 17:14:04,847 - donations_pipeline - INFO - [logger.py:93] - LightGBM: AUC=0.938, F1=0.957
2025-10-16 17:14:04,848 - donations_pipeline - INFO - [logger.py:93] - [LightGBM] Model evaluation complete.
2025-10-16 17:14:04,848 - donations_pipeline - INFO - [logger.py:93] - [LightGBM] Storing results and saving model artifacts to disk...
2025-10-16 17:14:04,874 - donations_pipeline - INFO - [logger.py:93] - Model saved: C:\Users\zifue\Source\Repos\Python_dvl_env\Data\Output\IDR_v1\since_2000\propensity_LightGBM_model.pkl
2025-10-16 17:14:04,876 - donations_pipeline - INFO - [logger.py:93] - [LightGBM] Artifacts saved successfully.
2025-10-16 17:14:04,876 - donations_pipeline - INFO - [logger.py:70] - Completed: Training LightGBM (1.34s)
2025-10-16 17:14:04,886 - donations_pipeline - INFO - [logger.py:93] - Model saved: C:\Users\zifue\Source\Repos\Python_dvl_env\Data\Output\IDR_v1\since_2000\major_gift_LogisticRegression_model.pkl
2025-10-16 17:14:05,143 - donations_pipeline - INFO - [logger.py:93] - Model saved: C:\Users\zifue\Source\Repos\Python_dvl_env\Data\Output\IDR_v1\since_2000\major_gift_RandomForest_model.pkl
2025-10-16 17:14:05,170 - donations_pipeline - INFO - [logger.py:93] - Model saved: C:\Users\zifue\Source\Repos\Python_dvl_env\Data\Output\IDR_v1\since_2000\major_gift_LightGBM_model.pkl
2025-10-16 17:14:05,371 - donations_pipeline - INFO - [logger.py:93] - Feature importance exported: C:\Users\zifue\Source\Repos\Python_dvl_env\Data\Output\IDR_v1\since_2000\field_importance_major_gift_RandomForest.csv
2025-10-16 17:14:05,377 - donations_pipeline - INFO - [logger.py:93] - Feature importance exported: C:\Users\zifue\Source\Repos\Python_dvl_env\Data\Output\IDR_v1\since_2000\field_importance_major_gift_LightGBM.csv
2025-10-16 17:14:05,377 - donations_pipeline - INFO - [logger.py:70] - Completed: Training Major Gift Propensity Models (56.47s)
2025-10-16 17:14:05,407 - donations_pipeline - INFO - [logger.py:59] - Starting: Training Amount Prediction Model
2025-10-16 17:14:05,408 - donations_pipeline - INFO - [logger.py:93] - Building amount dataset with cutoff: 2024-08-11
2025-10-16 17:14:05,911 - donations_pipeline - INFO - [logger.py:93] - Amount dataset: 294 donors, median target=$200.00
2025-10-16 17:14:05,919 - donations_pipeline - INFO - [logger.py:93] - Random split: train=220, test=74
2025-10-16 17:14:05,920 - donations_pipeline - INFO - [logger.py:59] - Starting: Training Amount Regressor
2025-10-16 17:14:06,380 - donations_pipeline - INFO - [logger.py:93] - Amount Model: MAE=$1375.58, R²=0.662
2025-10-16 17:14:06,537 - donations_pipeline - INFO - [logger.py:93] - Model saved: C:\Users\zifue\Source\Repos\Python_dvl_env\Data\Output\IDR_v1\since_2000\amount_predictor_model.pkl
2025-10-16 17:14:06,539 - donations_pipeline - INFO - [logger.py:70] - Completed: Training Amount Regressor (0.62s)
2025-10-16 17:14:06,540 - donations_pipeline - INFO - [logger.py:70] - Completed: Training Amount Prediction Model (1.13s)
2025-10-16 17:14:06,540 - donations_pipeline - INFO - [logger.py:59] - Starting: Training Time-to-Next Model
2025-10-16 17:14:06,543 - donations_pipeline - INFO - [logger.py:93] - Building time dataset: 49 cutoffs
2025-10-16 17:14:21,032 - donations_pipeline - INFO - [logger.py:93] - Time dataset: 33,287 observations, median=270.0 days
2025-10-16 17:14:21,081 - donations_pipeline - INFO - [logger.py:93] - Time-based split: train=26,663 (80.1%), test=6,624 (19.9%)
2025-10-16 17:14:21,081 - donations_pipeline - INFO - [logger.py:59] - Starting: Training Time-to-Next Regressor
2025-10-16 17:17:33,958 - donations_pipeline - INFO - [logger.py:93] - Time Model: MAE=393.7 days, R²=-1.516
2025-10-16 17:17:35,297 - donations_pipeline - INFO - [logger.py:93] - Model saved: C:\Users\zifue\Source\Repos\Python_dvl_env\Data\Output\IDR_v1\since_2000\time_to_next_predictor_model.pkl
2025-10-16 17:17:35,298 - donations_pipeline - INFO - [logger.py:70] - Completed: Training Time-to-Next Regressor (194.22s)
2025-10-16 17:17:35,298 - donations_pipeline - INFO - [logger.py:70] - Completed: Training Time-to-Next Model (208.76s)
2025-10-16 17:17:35,304 - donations_pipeline - INFO - [logger.py:59] - Starting: Training Preference Model
2025-10-16 17:17:35,307 - donations_pipeline - INFO - [logger.py:93] - Building preference dataset for fund: 47 cutoffs
2025-10-16 17:17:49,982 - donations_pipeline - INFO - [logger.py:93] - Preference dataset: 19,541 observations, 6 fund categories
2025-10-16 17:17:50,015 - donations_pipeline - INFO - [logger.py:93] - Time-based split: train=15,957 (81.7%), test=3,584 (18.3%)
2025-10-16 17:17:50,016 - donations_pipeline - INFO - [logger.py:59] - Starting: Training Preference Classifier (LightGBM)
2025-10-16 17:17:52,302 - donations_pipeline - INFO - [logger.py:93] - Preference Model: fund, Weighted F1=0.589, 6 classes
2025-10-16 17:17:52,440 - donations_pipeline - INFO - [logger.py:93] - Model saved: C:\Users\zifue\Source\Repos\Python_dvl_env\Data\Output\IDR_v1\since_2000\preference_fund_model.pkl
2025-10-16 17:17:52,441 - donations_pipeline - INFO - [logger.py:70] - Completed: Training Preference Classifier (LightGBM) (2.42s)
2025-10-16 17:17:52,441 - donations_pipeline - INFO - [logger.py:70] - Completed: Training Preference Model (17.14s)
2025-10-16 17:17:52,442 - donations_pipeline - INFO - [logger.py:70] - Completed: [4/7] Predictive Analytics - since_2000 (395.73s)
2025-10-16 17:17:52,443 - donations_pipeline - INFO - [logger.py:59] - Starting: [5/7] Actionable Lists - since_2000
2025-10-16 17:17:52,443 - donations_pipeline - INFO - [logger.py:59] - Starting: Generating Prospecting Playbook
2025-10-16 17:17:54,821 - donations_pipeline - INFO - [logger.py:93] - Playbook generated: 4,244 donors
2025-10-16 17:17:54,821 - donations_pipeline - INFO - [logger.py:70] - Completed: Generating Prospecting Playbook (2.38s)
2025-10-16 17:17:54,990 - donations_pipeline - INFO - [logger.py:93] - Generated lapsed_12m: 3480 donors
2025-10-16 17:17:54,990 - donations_pipeline - INFO - [logger.py:93] - Generated high_potential_sleeper: 1709 donors
2025-10-16 17:17:54,991 - donations_pipeline - INFO - [logger.py:93] - Generated upgrade_candidates: 76 donors
2025-10-16 17:17:54,991 - donations_pipeline - INFO - [logger.py:93] - Generated new_donors_90d: 46 donors
2025-10-16 17:17:55,023 - donations_pipeline - INFO - [logger.py:70] - Completed: [5/7] Actionable Lists - since_2000 (2.58s)
2025-10-16 17:17:55,106 - donations_pipeline - INFO - [logger.py:59] - Starting: [6/7] Packaging Results
2025-10-16 17:17:55,106 - donations_pipeline - INFO - [logger.py:93] - Bundling results to Excel: Donations_DataModellingResult.xlsx
2025-10-16 17:18:02,838 - donations_pipeline - INFO - [logger.py:93] - Excel bundle created: 24 sheets, 1.1 MB
2025-10-16 17:18:02,870 - donations_pipeline - INFO - [logger.py:93] - Archived 29 files to: archive_20251016
2025-10-16 17:18:02,870 - donations_pipeline - INFO - [logger.py:70] - Completed: [6/7] Packaging Results (7.76s)
2025-10-16 17:18:02,872 - donations_pipeline - INFO - [logger.py:89] - Timing report saved to: C:\Users\zifue\Source\Repos\Python_dvl_env\Data\Output\IDR_v1\pipeline_timing.txt
2025-10-16 17:18:02,872 - donations_pipeline - INFO - [logger.py:93] - ================================================================================
2025-10-16 17:18:02,873 - donations_pipeline - INFO - [logger.py:93] - Pipeline completed successfully!
2025-10-16 17:18:02,873 - donations_pipeline - INFO - [logger.py:93] - Results saved to: C:\Users\zifue\Source\Repos\Python_dvl_env\Data\Output\IDR_v1
2025-10-16 17:18:02,873 - donations_pipeline - INFO - [logger.py:93] - ================================================================================
2025-10-16 17:18:02,873 - donations_pipeline - INFO - [logger.py:59] - Starting: [7/7] Sending Email Notification
2025-10-16 17:18:02,885 - donations_pipeline - INFO - [logger.py:93] - Email notifications disabled, skipping
2025-10-16 17:18:02,885 - donations_pipeline - INFO - [logger.py:70] - Completed: [7/7] Sending Email Notification (0.01s)
2025-10-16 18:27:10,775 - donations_pipeline - INFO - [logger.py:93] - ================================================================================
2025-10-16 18:27:10,775 - donations_pipeline - INFO - [logger.py:93] - Donations Analytics Pipeline - Starting
2025-10-16 18:27:10,775 - donations_pipeline - INFO - [logger.py:93] - ================================================================================
2025-10-16 18:27:10,776 - donations_pipeline - INFO - [logger.py:59] - Starting: [1/6] Data Loading
2025-10-16 18:27:10,776 - donations_pipeline - INFO - [logger.py:93] - Loading data from CSV: C:\Users\zifue\Source\Repos\Python_dvl_env\CapstoneProject\Data\Input\FullDataTable.csv
2025-10-16 18:27:10,922 - donations_pipeline - INFO - [logger.py:93] - Loaded 35,612 rows, 43 columns
2025-10-16 18:27:10,954 - donations_pipeline - INFO - [logger.py:93] - ✓ All required columns present
2025-10-16 18:27:10,956 - donations_pipeline - WARNING - [logger.py:97] - Amount: 903 negative values
2025-10-16 18:27:10,956 - donations_pipeline - WARNING - [logger.py:97] - Amount: 7 zero values
2025-10-16 18:27:10,956 - donations_pipeline - INFO - [logger.py:93] - ✓ Data quality checks passed (35,612 rows)
2025-10-16 18:27:10,958 - donations_pipeline - INFO - [logger.py:93] - ✓ Date range: 1899-12-31 to 2025-08-11 (125.6 years)
2025-10-16 18:27:10,958 - donations_pipeline - WARNING - [logger.py:97] - Date range exceeds 50 years - verify data
2025-10-16 18:27:10,976 - donations_pipeline - WARNING - [logger.py:97] - Relationship flag issues detected:
  - PastParent: 12 invalid values
2025-10-16 18:27:10,976 - donations_pipeline - INFO - [logger.py:70] - Completed: [1/6] Data Loading (0.20s)
2025-10-16 18:27:10,976 - donations_pipeline - INFO - [logger.py:59] - Starting: [2/6] Data Preprocessing
2025-10-16 18:27:10,976 - donations_pipeline - INFO - [logger.py:93] - Starting data preprocessing
2025-10-16 18:27:11,068 - donations_pipeline - WARNING - [logger.py:97] - PastParent: Found 12 rows with invalid values
2025-10-16 18:27:11,094 - donations_pipeline - INFO - [logger.py:93] - Exported 12 relationship flag anomalies to: C:\Users\zifue\Source\Repos\Python_dvl_env\CapstoneProject\Data\Output\IDR_v1\relationship_flag_anomalies.csv
2025-10-16 18:27:11,232 - donations_pipeline - INFO - [logger.py:93] - Removed 910 rows with non-positive amounts
2025-10-16 18:27:11,235 - donations_pipeline - INFO - [logger.py:93] - Preprocessing complete: 35,612 → 34,702 rows (43 → 46 columns)
2025-10-16 18:27:11,447 - donations_pipeline - INFO - [logger.py:93] - Cleaned data exported: C:\Users\zifue\Source\Repos\Python_dvl_env\CapstoneProject\Data\Output\IDR_v1\cleaned_donations.csv
2025-10-16 18:27:11,447 - donations_pipeline - INFO - [logger.py:70] - Completed: [2/6] Data Preprocessing (0.47s)
2025-10-16 18:27:11,447 - donations_pipeline - INFO - [logger.py:93] - Ensuring sklearn compatibility (converting pd.NA)...
2025-10-16 18:27:11,836 - donations_pipeline - INFO - [logger.py:93] - Conversion complete
2025-10-16 18:27:11,848 - donations_pipeline - INFO - [logger.py:93] - 
================================================================================
2025-10-16 18:27:11,849 - donations_pipeline - INFO - [logger.py:93] - Analyzing: Since 2000
2025-10-16 18:27:11,849 - donations_pipeline - INFO - [logger.py:93] - ================================================================================
2025-10-16 18:27:11,850 - donations_pipeline - INFO - [logger.py:59] - Starting: [3/6] Basic Data Analytics - since_2000
2025-10-16 18:27:11,864 - donations_pipeline - INFO - [logger.py:93] - Yearly trend: 26 years, total $21,376,073
2025-10-16 18:27:11,885 - donations_pipeline - INFO - [logger.py:93] - Monthly trend: 303 months
2025-10-16 18:27:12,014 - donations_pipeline - INFO - [logger.py:93] - Appeal analysis: 182 appeals, top: 2021MG
2025-10-16 18:27:12,020 - donations_pipeline - INFO - [logger.py:93] - Fund analysis: 7 funds, top: BF
2025-10-16 18:27:12,021 - donations_pipeline - INFO - [logger.py:93] - Generated 8 descriptive reports
2025-10-16 18:27:12,032 - donations_pipeline - INFO - [logger.py:59] - Starting: RFM Computation
2025-10-16 18:27:12,048 - donations_pipeline - INFO - [logger.py:93] - Using computed reference date: 2025-08-12
2025-10-16 18:27:12,464 - donations_pipeline - INFO - [logger.py:93] - RFM Segment distribution:
2025-10-16 18:27:12,464 - donations_pipeline - INFO - [logger.py:93] -   Regular: 2,341 (55.2%)
2025-10-16 18:27:12,464 - donations_pipeline - INFO - [logger.py:93] -   At Risk / Lapsed: 903 (21.3%)
2025-10-16 18:27:12,465 - donations_pipeline - INFO - [logger.py:93] -   Champion: 682 (16.1%)
2025-10-16 18:27:12,465 - donations_pipeline - INFO - [logger.py:93] -   Loyal: 170 (4.0%)
2025-10-16 18:27:12,465 - donations_pipeline - INFO - [logger.py:93] -   High Potential: 148 (3.5%)
2025-10-16 18:27:12,465 - donations_pipeline - INFO - [logger.py:93] - RFM computed for 4,244 donors
2025-10-16 18:27:12,465 - donations_pipeline - INFO - [logger.py:70] - Completed: RFM Computation (0.43s)
2025-10-16 18:27:12,482 - donations_pipeline - INFO - [logger.py:93] - Identified 2,650 lapsed donors (>730 days, ≥$200 lifetime)
2025-10-16 18:27:12,497 - donations_pipeline - INFO - [logger.py:93] - Relationship summary: 17 unique combinations
2025-10-16 18:27:12,509 - donations_pipeline - INFO - [logger.py:70] - Completed: [3/6] Basic Data Analytics - since_2000 (0.66s)
2025-10-16 18:27:12,509 - donations_pipeline - INFO - [logger.py:59] - Starting: [4/6] Predictive Analytics - since_2000
2025-10-16 18:27:12,509 - donations_pipeline - INFO - [logger.py:59] - Starting: Training Re-donation Propensity Models
2025-10-16 18:27:12,511 - donations_pipeline - INFO - [logger.py:93] - Building re-donation panel: 47 cutoffs
2025-10-16 18:27:24,144 - donations_pipeline - INFO - [logger.py:93] - Panel created: 115,872 observations, 19,541 positive labels (16.9%)
2025-10-16 18:27:24,299 - donations_pipeline - INFO - [logger.py:93] - Time-based split: train=95,985 (82.8%), test=19,887 (17.2%)
2025-10-16 18:27:24,498 - donations_pipeline - INFO - [logger.py:59] - Starting: Training LogisticRegression
2025-10-16 18:27:24,498 - donations_pipeline - INFO - [logger.py:93] - [LogisticRegression] Building pipeline...
2025-10-16 18:27:24,499 - donations_pipeline - INFO - [logger.py:93] - [LogisticRegression] Starting model fitting (this is the main training step)...
2025-10-16 18:27:45,900 - donations_pipeline - INFO - [logger.py:93] - [LogisticRegression] Model fitting complete.
2025-10-16 18:27:45,900 - donations_pipeline - INFO - [logger.py:93] - [LogisticRegression] Starting model evaluation on test data...
2025-10-16 18:27:46,039 - donations_pipeline - INFO - [logger.py:93] - LogisticRegression: AUC=0.911, F1=0.841
2025-10-16 18:27:46,040 - donations_pipeline - INFO - [logger.py:93] - [LogisticRegression] Model evaluation complete.
2025-10-16 18:27:46,040 - donations_pipeline - INFO - [logger.py:93] - [LogisticRegression] Storing results and saving model artifacts to disk...
2025-10-16 18:27:46,045 - donations_pipeline - INFO - [logger.py:93] - Model saved: C:\Users\zifue\Source\Repos\Python_dvl_env\CapstoneProject\Data\Output\IDR_v1\since_2000\propensity_LogisticRegression_model.pkl
2025-10-16 18:27:46,047 - donations_pipeline - INFO - [logger.py:93] - [LogisticRegression] Artifacts saved successfully.
2025-10-16 18:27:46,047 - donations_pipeline - INFO - [logger.py:70] - Completed: Training LogisticRegression (21.55s)
2025-10-16 18:27:46,047 - donations_pipeline - INFO - [logger.py:59] - Starting: Training RandomForest
2025-10-16 18:27:46,047 - donations_pipeline - INFO - [logger.py:93] - [RandomForest] Building pipeline...
2025-10-16 18:27:46,048 - donations_pipeline - INFO - [logger.py:93] - [RandomForest] Starting model fitting (this is the main training step)...
2025-10-16 18:29:00,148 - donations_pipeline - INFO - [logger.py:93] - [RandomForest] Model fitting complete.
2025-10-16 18:29:00,148 - donations_pipeline - INFO - [logger.py:93] - [RandomForest] Starting model evaluation on test data...
2025-10-16 18:29:00,865 - donations_pipeline - INFO - [logger.py:93] - RandomForest: AUC=0.916, F1=0.930
2025-10-16 18:29:00,865 - donations_pipeline - INFO - [logger.py:93] - [RandomForest] Model evaluation complete.
2025-10-16 18:29:00,866 - donations_pipeline - INFO - [logger.py:93] - [RandomForest] Storing results and saving model artifacts to disk...
2025-10-16 18:29:01,611 - donations_pipeline - INFO - [logger.py:93] - Model saved: C:\Users\zifue\Source\Repos\Python_dvl_env\CapstoneProject\Data\Output\IDR_v1\since_2000\propensity_RandomForest_model.pkl
2025-10-16 18:29:01,612 - donations_pipeline - INFO - [logger.py:93] - [RandomForest] Artifacts saved successfully.
2025-10-16 18:29:01,612 - donations_pipeline - INFO - [logger.py:70] - Completed: Training RandomForest (75.56s)
2025-10-16 18:29:01,612 - donations_pipeline - INFO - [logger.py:59] - Starting: Training LightGBM
2025-10-16 18:29:01,613 - donations_pipeline - INFO - [logger.py:93] - [LightGBM] Building pipeline...
2025-10-16 18:29:01,614 - donations_pipeline - INFO - [logger.py:93] - [LightGBM] Starting model fitting (this is the main training step)...
2025-10-16 18:29:04,944 - donations_pipeline - INFO - [logger.py:93] - [LightGBM] Model fitting complete.
2025-10-16 18:29:04,944 - donations_pipeline - INFO - [logger.py:93] - [LightGBM] Starting model evaluation on test data...
2025-10-16 18:29:05,231 - donations_pipeline - INFO - [logger.py:93] - LightGBM: AUC=0.921, F1=0.887
2025-10-16 18:29:05,231 - donations_pipeline - INFO - [logger.py:93] - [LightGBM] Model evaluation complete.
2025-10-16 18:29:05,232 - donations_pipeline - INFO - [logger.py:93] - [LightGBM] Storing results and saving model artifacts to disk...
2025-10-16 18:29:05,259 - donations_pipeline - INFO - [logger.py:93] - Model saved: C:\Users\zifue\Source\Repos\Python_dvl_env\CapstoneProject\Data\Output\IDR_v1\since_2000\propensity_LightGBM_model.pkl
2025-10-16 18:29:05,260 - donations_pipeline - INFO - [logger.py:93] - [LightGBM] Artifacts saved successfully.
2025-10-16 18:29:05,262 - donations_pipeline - INFO - [logger.py:70] - Completed: Training LightGBM (3.65s)
2025-10-16 18:29:05,536 - donations_pipeline - INFO - [logger.py:93] - Feature importance exported: C:\Users\zifue\Source\Repos\Python_dvl_env\CapstoneProject\Data\Output\IDR_v1\since_2000\field_importance_propensity_RandomForest.csv
2025-10-16 18:29:05,544 - donations_pipeline - INFO - [logger.py:93] - Feature importance exported: C:\Users\zifue\Source\Repos\Python_dvl_env\CapstoneProject\Data\Output\IDR_v1\since_2000\field_importance_propensity_LightGBM.csv
2025-10-16 18:29:05,545 - donations_pipeline - INFO - [logger.py:70] - Completed: Training Re-donation Propensity Models (113.03s)
2025-10-16 18:29:05,639 - donations_pipeline - INFO - [logger.py:59] - Starting: Training Major Gift Propensity Models
2025-10-16 18:29:05,640 - donations_pipeline - INFO - [logger.py:93] - Building major gift panel: 47 cutoffs, threshold=$1,000
2025-10-16 18:29:20,955 - donations_pipeline - INFO - [logger.py:93] - Major gift panel: 115,872 observations, 2,341 major gifts (2.0%)
2025-10-16 18:29:21,124 - donations_pipeline - INFO - [logger.py:93] - Time-based split: train=95,985 (82.8%), test=19,887 (17.2%)
2025-10-16 18:29:21,125 - donations_pipeline - INFO - [logger.py:59] - Starting: Training LogisticRegression
2025-10-16 18:29:21,126 - donations_pipeline - INFO - [logger.py:93] - [LogisticRegression] Building pipeline...
2025-10-16 18:29:21,126 - donations_pipeline - INFO - [logger.py:93] - [LogisticRegression] Starting model fitting (this is the main training step)...
2025-10-16 18:29:47,773 - donations_pipeline - INFO - [logger.py:93] - [LogisticRegression] Model fitting complete.
2025-10-16 18:29:47,774 - donations_pipeline - INFO - [logger.py:93] - [LogisticRegression] Starting model evaluation on test data...
2025-10-16 18:29:48,012 - donations_pipeline - INFO - [logger.py:93] - LogisticRegression: AUC=0.906, F1=0.930
2025-10-16 18:29:48,012 - donations_pipeline - INFO - [logger.py:93] - [LogisticRegression] Model evaluation complete.
2025-10-16 18:29:48,012 - donations_pipeline - INFO - [logger.py:93] - [LogisticRegression] Storing results and saving model artifacts to disk...
2025-10-16 18:29:48,021 - donations_pipeline - INFO - [logger.py:93] - Model saved: C:\Users\zifue\Source\Repos\Python_dvl_env\CapstoneProject\Data\Output\IDR_v1\since_2000\propensity_LogisticRegression_model.pkl
2025-10-16 18:29:48,022 - donations_pipeline - INFO - [logger.py:93] - [LogisticRegression] Artifacts saved successfully.
2025-10-16 18:29:48,022 - donations_pipeline - INFO - [logger.py:70] - Completed: Training LogisticRegression (26.90s)
2025-10-16 18:29:48,022 - donations_pipeline - INFO - [logger.py:59] - Starting: Training RandomForest
2025-10-16 18:29:48,023 - donations_pipeline - INFO - [logger.py:93] - [RandomForest] Building pipeline...
2025-10-16 18:29:48,023 - donations_pipeline - INFO - [logger.py:93] - [RandomForest] Starting model fitting (this is the main training step)...
2025-10-16 18:30:09,654 - donations_pipeline - INFO - [logger.py:93] - [RandomForest] Model fitting complete.
2025-10-16 18:30:09,654 - donations_pipeline - INFO - [logger.py:93] - [RandomForest] Starting model evaluation on test data...
2025-10-16 18:30:10,320 - donations_pipeline - INFO - [logger.py:93] - RandomForest: AUC=0.923, F1=0.985
2025-10-16 18:30:10,321 - donations_pipeline - INFO - [logger.py:93] - [RandomForest] Model evaluation complete.
2025-10-16 18:30:10,321 - donations_pipeline - INFO - [logger.py:93] - [RandomForest] Storing results and saving model artifacts to disk...
2025-10-16 18:30:10,761 - donations_pipeline - INFO - [logger.py:93] - Model saved: C:\Users\zifue\Source\Repos\Python_dvl_env\CapstoneProject\Data\Output\IDR_v1\since_2000\propensity_RandomForest_model.pkl
2025-10-16 18:30:10,762 - donations_pipeline - INFO - [logger.py:93] - [RandomForest] Artifacts saved successfully.
2025-10-16 18:30:10,763 - donations_pipeline - INFO - [logger.py:70] - Completed: Training RandomForest (22.74s)
2025-10-16 18:30:10,763 - donations_pipeline - INFO - [logger.py:59] - Starting: Training LightGBM
2025-10-16 18:30:10,763 - donations_pipeline - INFO - [logger.py:93] - [LightGBM] Building pipeline...
2025-10-16 18:30:10,763 - donations_pipeline - INFO - [logger.py:93] - [LightGBM] Starting model fitting (this is the main training step)...
2025-10-16 18:30:12,116 - donations_pipeline - INFO - [logger.py:93] - [LightGBM] Model fitting complete.
2025-10-16 18:30:12,117 - donations_pipeline - INFO - [logger.py:93] - [LightGBM] Starting model evaluation on test data...
2025-10-16 18:30:12,397 - donations_pipeline - INFO - [logger.py:93] - LightGBM: AUC=0.938, F1=0.957
2025-10-16 18:30:12,398 - donations_pipeline - INFO - [logger.py:93] - [LightGBM] Model evaluation complete.
2025-10-16 18:30:12,398 - donations_pipeline - INFO - [logger.py:93] - [LightGBM] Storing results and saving model artifacts to disk...
2025-10-16 18:30:12,424 - donations_pipeline - INFO - [logger.py:93] - Model saved: C:\Users\zifue\Source\Repos\Python_dvl_env\CapstoneProject\Data\Output\IDR_v1\since_2000\propensity_LightGBM_model.pkl
2025-10-16 18:30:12,425 - donations_pipeline - INFO - [logger.py:93] - [LightGBM] Artifacts saved successfully.
2025-10-16 18:30:12,426 - donations_pipeline - INFO - [logger.py:70] - Completed: Training LightGBM (1.66s)
2025-10-16 18:30:12,435 - donations_pipeline - INFO - [logger.py:93] - Model saved: C:\Users\zifue\Source\Repos\Python_dvl_env\CapstoneProject\Data\Output\IDR_v1\since_2000\major_gift_LogisticRegression_model.pkl
2025-10-16 18:30:12,787 - donations_pipeline - INFO - [logger.py:93] - Model saved: C:\Users\zifue\Source\Repos\Python_dvl_env\CapstoneProject\Data\Output\IDR_v1\since_2000\major_gift_RandomForest_model.pkl
2025-10-16 18:30:12,814 - donations_pipeline - INFO - [logger.py:93] - Model saved: C:\Users\zifue\Source\Repos\Python_dvl_env\CapstoneProject\Data\Output\IDR_v1\since_2000\major_gift_LightGBM_model.pkl
2025-10-16 18:30:13,156 - donations_pipeline - INFO - [logger.py:93] - Feature importance exported: C:\Users\zifue\Source\Repos\Python_dvl_env\CapstoneProject\Data\Output\IDR_v1\since_2000\field_importance_major_gift_RandomForest.csv
2025-10-16 18:30:13,167 - donations_pipeline - INFO - [logger.py:93] - Feature importance exported: C:\Users\zifue\Source\Repos\Python_dvl_env\CapstoneProject\Data\Output\IDR_v1\since_2000\field_importance_major_gift_LightGBM.csv
2025-10-16 18:30:13,168 - donations_pipeline - INFO - [logger.py:70] - Completed: Training Major Gift Propensity Models (67.53s)
2025-10-16 18:30:13,201 - donations_pipeline - INFO - [logger.py:59] - Starting: Training Amount Prediction Model
2025-10-16 18:30:13,202 - donations_pipeline - INFO - [logger.py:93] - Building amount dataset with cutoff: 2024-08-11
2025-10-16 18:30:13,888 - donations_pipeline - INFO - [logger.py:93] - Amount dataset: 294 donors, median target=$200.00
2025-10-16 18:30:13,898 - donations_pipeline - INFO - [logger.py:93] - Random split: train=220, test=74
2025-10-16 18:30:13,899 - donations_pipeline - INFO - [logger.py:59] - Starting: Training Amount Regressor
2025-10-16 18:30:14,450 - donations_pipeline - INFO - [logger.py:93] - Amount Model: MAE=$1375.58, R²=0.662
2025-10-16 18:30:14,565 - donations_pipeline - INFO - [logger.py:93] - Model saved: C:\Users\zifue\Source\Repos\Python_dvl_env\CapstoneProject\Data\Output\IDR_v1\since_2000\amount_predictor_model.pkl
2025-10-16 18:30:14,566 - donations_pipeline - INFO - [logger.py:70] - Completed: Training Amount Regressor (0.67s)
2025-10-16 18:30:14,566 - donations_pipeline - INFO - [logger.py:70] - Completed: Training Amount Prediction Model (1.36s)
2025-10-16 18:30:14,567 - donations_pipeline - INFO - [logger.py:59] - Starting: Training Time-to-Next Model
2025-10-16 18:30:14,570 - donations_pipeline - INFO - [logger.py:93] - Building time dataset: 49 cutoffs
2025-10-16 18:30:33,817 - donations_pipeline - INFO - [logger.py:93] - Time dataset: 33,287 observations, median=270.0 days
2025-10-16 18:30:33,877 - donations_pipeline - INFO - [logger.py:93] - Time-based split: train=26,663 (80.1%), test=6,624 (19.9%)
2025-10-16 18:30:33,878 - donations_pipeline - INFO - [logger.py:59] - Starting: Training Time-to-Next Regressor
2025-10-16 18:34:14,038 - donations_pipeline - INFO - [logger.py:93] - Time Model: MAE=393.7 days, R²=-1.516
2025-10-16 18:34:15,598 - donations_pipeline - INFO - [logger.py:93] - Model saved: C:\Users\zifue\Source\Repos\Python_dvl_env\CapstoneProject\Data\Output\IDR_v1\since_2000\time_to_next_predictor_model.pkl
2025-10-16 18:34:15,600 - donations_pipeline - INFO - [logger.py:70] - Completed: Training Time-to-Next Regressor (221.72s)
2025-10-16 18:34:15,600 - donations_pipeline - INFO - [logger.py:70] - Completed: Training Time-to-Next Model (241.03s)
2025-10-16 18:34:15,607 - donations_pipeline - INFO - [logger.py:59] - Starting: Training Preference Model
2025-10-16 18:34:15,611 - donations_pipeline - INFO - [logger.py:93] - Building preference dataset for fund: 47 cutoffs
2025-10-16 18:34:31,980 - donations_pipeline - INFO - [logger.py:93] - Preference dataset: 19,541 observations, 6 fund categories
2025-10-16 18:34:32,021 - donations_pipeline - INFO - [logger.py:93] - Time-based split: train=15,957 (81.7%), test=3,584 (18.3%)
2025-10-16 18:34:32,022 - donations_pipeline - INFO - [logger.py:59] - Starting: Training Preference Classifier (LightGBM)
2025-10-16 18:34:35,272 - donations_pipeline - INFO - [logger.py:93] - Preference Model: fund, Weighted F1=0.589, 6 classes
2025-10-16 18:34:35,419 - donations_pipeline - INFO - [logger.py:93] - Model saved: C:\Users\zifue\Source\Repos\Python_dvl_env\CapstoneProject\Data\Output\IDR_v1\since_2000\preference_fund_model.pkl
2025-10-16 18:34:35,421 - donations_pipeline - INFO - [logger.py:70] - Completed: Training Preference Classifier (LightGBM) (3.40s)
2025-10-16 18:34:35,422 - donations_pipeline - INFO - [logger.py:70] - Completed: Training Preference Model (19.81s)
2025-10-16 18:34:35,424 - donations_pipeline - INFO - [logger.py:70] - Completed: [4/6] Predictive Analytics - since_2000 (442.91s)
2025-10-16 18:34:35,424 - donations_pipeline - INFO - [logger.py:59] - Starting: [5/6] Actionable Lists - since_2000
2025-10-16 18:34:35,425 - donations_pipeline - INFO - [logger.py:59] - Starting: Generating Prospecting Playbook
2025-10-16 18:34:38,673 - donations_pipeline - INFO - [logger.py:93] - Playbook generated: 4,244 donors
2025-10-16 18:34:38,673 - donations_pipeline - INFO - [logger.py:70] - Completed: Generating Prospecting Playbook (3.25s)
2025-10-16 18:34:38,856 - donations_pipeline - INFO - [logger.py:93] - Generated lapsed_12m: 3480 donors
2025-10-16 18:34:38,856 - donations_pipeline - INFO - [logger.py:93] - Generated high_potential_sleeper: 1709 donors
2025-10-16 18:34:38,856 - donations_pipeline - INFO - [logger.py:93] - Generated upgrade_candidates: 76 donors
2025-10-16 18:34:38,857 - donations_pipeline - INFO - [logger.py:93] - Generated new_donors_90d: 46 donors
2025-10-16 18:34:38,886 - donations_pipeline - INFO - [logger.py:70] - Completed: [5/6] Actionable Lists - since_2000 (3.46s)
2025-10-16 18:34:38,995 - donations_pipeline - INFO - [logger.py:59] - Starting: [6/6] Packaging Results
2025-10-16 18:34:38,995 - donations_pipeline - INFO - [logger.py:93] - Bundling results to Excel: Donations_DataModellingResult.xlsx
2025-10-16 18:34:46,208 - donations_pipeline - INFO - [logger.py:93] - Excel bundle created: 24 sheets, 1.1 MB
2025-10-16 18:34:46,234 - donations_pipeline - INFO - [logger.py:93] - Archived 29 files to: archive_20251016_2
2025-10-16 18:34:46,235 - donations_pipeline - INFO - [logger.py:70] - Completed: [6/6] Packaging Results (7.24s)
2025-10-16 18:34:46,237 - donations_pipeline - INFO - [logger.py:89] - Timing report saved to: C:\Users\zifue\Source\Repos\Python_dvl_env\CapstoneProject\Data\Output\IDR_v1\pipeline_timing.txt
2025-10-16 18:34:46,238 - donations_pipeline - INFO - [logger.py:93] - ================================================================================
2025-10-16 18:34:46,238 - donations_pipeline - INFO - [logger.py:93] - Pipeline completed successfully!
2025-10-16 18:34:46,238 - donations_pipeline - INFO - [logger.py:93] - Results saved to: C:\Users\zifue\Source\Repos\Python_dvl_env\CapstoneProject\Data\Output\IDR_v1
2025-10-16 18:34:46,238 - donations_pipeline - INFO - [logger.py:93] - ================================================================================
2025-10-27 21:11:15,049 - donations_pipeline - INFO - [logger.py:93] - ================================================================================
2025-10-27 21:11:15,050 - donations_pipeline - INFO - [logger.py:93] - Donations Analytics Pipeline - Starting
2025-10-27 21:11:15,050 - donations_pipeline - INFO - [logger.py:93] - ================================================================================
2025-10-27 21:11:15,050 - donations_pipeline - INFO - [logger.py:59] - Starting: [1/6] Data Loading
2025-10-27 21:11:15,051 - donations_pipeline - INFO - [logger.py:93] - Loading data from CSV: C:\Users\zifue\Source\Repos\Python_dvl_env\CapstoneProject\Data\Input\FullDataTable.csv
2025-10-27 21:11:15,232 - donations_pipeline - INFO - [logger.py:93] - Loaded 35,612 rows, 43 columns
2025-10-27 21:11:15,271 - donations_pipeline - INFO - [logger.py:93] - ✓ All required columns present
2025-10-27 21:11:15,273 - donations_pipeline - WARNING - [logger.py:97] - Amount: 903 negative values
2025-10-27 21:11:15,274 - donations_pipeline - WARNING - [logger.py:97] - Amount: 7 zero values
2025-10-27 21:11:15,274 - donations_pipeline - INFO - [logger.py:93] - ✓ Data quality checks passed (35,612 rows)
2025-10-27 21:11:15,277 - donations_pipeline - INFO - [logger.py:93] - ✓ Date range: 1899-12-31 to 2025-08-11 (125.6 years)
2025-10-27 21:11:15,277 - donations_pipeline - WARNING - [logger.py:97] - Date range exceeds 50 years - verify data
2025-10-27 21:11:15,299 - donations_pipeline - WARNING - [logger.py:97] - Relationship flag issues detected:
  - PastParent: 12 invalid values
2025-10-27 21:11:15,299 - donations_pipeline - INFO - [logger.py:70] - Completed: [1/6] Data Loading (0.25s)
2025-10-27 21:11:15,300 - donations_pipeline - INFO - [logger.py:59] - Starting: [2/6] Data Preprocessing
2025-10-27 21:11:15,300 - donations_pipeline - INFO - [logger.py:93] - Starting data preprocessing
2025-10-27 21:11:15,403 - donations_pipeline - WARNING - [logger.py:97] - PastParent: Found 12 rows with invalid values
2025-10-27 21:11:15,434 - donations_pipeline - INFO - [logger.py:93] - Exported 12 relationship flag anomalies to: C:\Users\zifue\Source\Repos\Python_dvl_env\CapstoneProject\Data\Output\IDR_v1\relationship_flag_anomalies.csv
2025-10-27 21:11:15,586 - donations_pipeline - INFO - [logger.py:93] - Removed 910 rows with non-positive amounts
2025-10-27 21:11:15,590 - donations_pipeline - INFO - [logger.py:93] - Preprocessing complete: 35,612 → 34,702 rows (43 → 46 columns)
2025-10-27 21:11:15,826 - donations_pipeline - INFO - [logger.py:93] - Cleaned data exported: C:\Users\zifue\Source\Repos\Python_dvl_env\CapstoneProject\Data\Output\IDR_v1\cleaned_donations.csv
2025-10-27 21:11:15,827 - donations_pipeline - INFO - [logger.py:70] - Completed: [2/6] Data Preprocessing (0.53s)
2025-10-27 21:11:15,827 - donations_pipeline - INFO - [logger.py:93] - Ensuring sklearn compatibility (converting pd.NA)...
2025-10-27 21:11:16,231 - donations_pipeline - INFO - [logger.py:93] - Conversion complete
2025-10-27 21:11:16,243 - donations_pipeline - INFO - [logger.py:93] - 
================================================================================
2025-10-27 21:11:16,244 - donations_pipeline - INFO - [logger.py:93] - Analyzing: Since 2000
2025-10-27 21:11:16,244 - donations_pipeline - INFO - [logger.py:93] - ================================================================================
2025-10-27 21:11:16,244 - donations_pipeline - INFO - [logger.py:59] - Starting: [3/6] Basic Data Analytics - since_2000
2025-10-27 21:11:16,266 - donations_pipeline - INFO - [logger.py:93] - Yearly trend: 26 years, total $21,376,073
2025-10-27 21:11:16,292 - donations_pipeline - INFO - [logger.py:93] - Monthly trend: 303 months
2025-10-27 21:11:16,445 - donations_pipeline - INFO - [logger.py:93] - Appeal analysis: 182 appeals, top: 2021MG
2025-10-27 21:11:16,453 - donations_pipeline - INFO - [logger.py:93] - Fund analysis: 7 funds, top: BF
2025-10-27 21:11:16,453 - donations_pipeline - INFO - [logger.py:93] - Generated 8 descriptive reports
2025-10-27 21:11:16,465 - donations_pipeline - INFO - [logger.py:59] - Starting: RFM Computation
2025-10-27 21:11:16,484 - donations_pipeline - INFO - [logger.py:93] - Using computed reference date: 2025-08-12
2025-10-27 21:11:16,982 - donations_pipeline - INFO - [logger.py:93] - RFM Segment distribution:
2025-10-27 21:11:16,982 - donations_pipeline - INFO - [logger.py:93] -   Regular: 2,341 (55.2%)
2025-10-27 21:11:16,983 - donations_pipeline - INFO - [logger.py:93] -   At Risk / Lapsed: 903 (21.3%)
2025-10-27 21:11:16,983 - donations_pipeline - INFO - [logger.py:93] -   Champion: 682 (16.1%)
2025-10-27 21:11:16,983 - donations_pipeline - INFO - [logger.py:93] -   Loyal: 170 (4.0%)
2025-10-27 21:11:16,983 - donations_pipeline - INFO - [logger.py:93] -   High Potential: 148 (3.5%)
2025-10-27 21:11:16,983 - donations_pipeline - INFO - [logger.py:93] - RFM computed for 4,244 donors
2025-10-27 21:11:16,983 - donations_pipeline - INFO - [logger.py:70] - Completed: RFM Computation (0.52s)
2025-10-27 21:11:17,001 - donations_pipeline - INFO - [logger.py:93] - Identified 2,650 lapsed donors (>730 days, ≥$200 lifetime)
2025-10-27 21:11:17,020 - donations_pipeline - INFO - [logger.py:93] - Relationship summary: 17 unique combinations
2025-10-27 21:11:17,034 - donations_pipeline - INFO - [logger.py:70] - Completed: [3/6] Basic Data Analytics - since_2000 (0.79s)
2025-10-27 21:11:17,034 - donations_pipeline - INFO - [logger.py:59] - Starting: [4/6] Predictive Analytics - since_2000
2025-10-27 21:11:17,034 - donations_pipeline - INFO - [logger.py:59] - Starting: Training Re-donation Propensity Models
2025-10-27 21:11:17,037 - donations_pipeline - INFO - [logger.py:93] - Building re-donation panel: 47 cutoffs
2025-10-27 21:11:30,483 - donations_pipeline - INFO - [logger.py:93] - Panel created: 115,872 observations, 19,541 positive labels (16.9%)
2025-10-27 21:11:30,628 - donations_pipeline - INFO - [logger.py:93] - Time-based split: train=95,985 (82.8%), test=19,887 (17.2%)
2025-10-27 21:11:31,058 - donations_pipeline - INFO - [logger.py:59] - Starting: Training LogisticRegression
2025-10-27 21:11:31,058 - donations_pipeline - INFO - [logger.py:93] - [LogisticRegression] Building pipeline...
2025-10-27 21:11:31,059 - donations_pipeline - INFO - [logger.py:93] - [LogisticRegression] Starting model fitting (this is the main training step)...
2025-10-27 21:11:54,330 - donations_pipeline - INFO - [logger.py:93] - [LogisticRegression] Model fitting complete.
2025-10-27 21:11:54,330 - donations_pipeline - INFO - [logger.py:93] - [LogisticRegression] Starting model evaluation on test data...
2025-10-27 21:11:54,471 - donations_pipeline - INFO - [logger.py:93] - LogisticRegression: AUC=0.911, F1=0.841
2025-10-27 21:11:54,472 - donations_pipeline - INFO - [logger.py:93] - [LogisticRegression] Model evaluation complete.
2025-10-27 21:11:54,472 - donations_pipeline - INFO - [logger.py:93] - [LogisticRegression] Storing results and saving model artifacts to disk...
2025-10-27 21:11:54,477 - donations_pipeline - INFO - [logger.py:93] - Model saved: C:\Users\zifue\Source\Repos\Python_dvl_env\CapstoneProject\Data\Output\IDR_v1\since_2000\propensity_LogisticRegression_model.pkl
2025-10-27 21:11:54,479 - donations_pipeline - INFO - [logger.py:93] - [LogisticRegression] Artifacts saved successfully.
2025-10-27 21:11:54,480 - donations_pipeline - INFO - [logger.py:70] - Completed: Training LogisticRegression (23.42s)
2025-10-27 21:11:54,481 - donations_pipeline - INFO - [logger.py:59] - Starting: Training RandomForest
2025-10-27 21:11:54,481 - donations_pipeline - INFO - [logger.py:93] - [RandomForest] Building pipeline...
2025-10-27 21:11:54,481 - donations_pipeline - INFO - [logger.py:93] - [RandomForest] Starting model fitting (this is the main training step)...
2025-10-27 21:13:19,011 - donations_pipeline - INFO - [logger.py:93] - [RandomForest] Model fitting complete.
2025-10-27 21:13:19,011 - donations_pipeline - INFO - [logger.py:93] - [RandomForest] Starting model evaluation on test data...
2025-10-27 21:13:19,914 - donations_pipeline - INFO - [logger.py:93] - RandomForest: AUC=0.916, F1=0.930
2025-10-27 21:13:19,914 - donations_pipeline - INFO - [logger.py:93] - [RandomForest] Model evaluation complete.
2025-10-27 21:13:19,914 - donations_pipeline - INFO - [logger.py:93] - [RandomForest] Storing results and saving model artifacts to disk...
2025-10-27 21:13:20,756 - donations_pipeline - INFO - [logger.py:93] - Model saved: C:\Users\zifue\Source\Repos\Python_dvl_env\CapstoneProject\Data\Output\IDR_v1\since_2000\propensity_RandomForest_model.pkl
2025-10-27 21:13:20,757 - donations_pipeline - INFO - [logger.py:93] - [RandomForest] Artifacts saved successfully.
2025-10-27 21:13:20,758 - donations_pipeline - INFO - [logger.py:70] - Completed: Training RandomForest (86.28s)
2025-10-27 21:13:20,758 - donations_pipeline - INFO - [logger.py:59] - Starting: Training LightGBM
2025-10-27 21:13:20,758 - donations_pipeline - INFO - [logger.py:93] - [LightGBM] Building pipeline...
2025-10-27 21:13:20,758 - donations_pipeline - INFO - [logger.py:93] - [LightGBM] Starting model fitting (this is the main training step)...
2025-10-27 21:13:25,339 - donations_pipeline - INFO - [logger.py:93] - [LightGBM] Model fitting complete.
2025-10-27 21:13:25,339 - donations_pipeline - INFO - [logger.py:93] - [LightGBM] Starting model evaluation on test data...
2025-10-27 21:13:25,634 - donations_pipeline - INFO - [logger.py:93] - LightGBM: AUC=0.921, F1=0.887
2025-10-27 21:13:25,635 - donations_pipeline - INFO - [logger.py:93] - [LightGBM] Model evaluation complete.
2025-10-27 21:13:25,635 - donations_pipeline - INFO - [logger.py:93] - [LightGBM] Storing results and saving model artifacts to disk...
2025-10-27 21:13:25,664 - donations_pipeline - INFO - [logger.py:93] - Model saved: C:\Users\zifue\Source\Repos\Python_dvl_env\CapstoneProject\Data\Output\IDR_v1\since_2000\propensity_LightGBM_model.pkl
2025-10-27 21:13:25,667 - donations_pipeline - INFO - [logger.py:93] - [LightGBM] Artifacts saved successfully.
2025-10-27 21:13:25,667 - donations_pipeline - INFO - [logger.py:70] - Completed: Training LightGBM (4.91s)
2025-10-27 21:13:25,954 - donations_pipeline - INFO - [logger.py:93] - Feature importance exported: C:\Users\zifue\Source\Repos\Python_dvl_env\CapstoneProject\Data\Output\IDR_v1\since_2000\field_importance_propensity_RandomForest.csv
2025-10-27 21:13:25,965 - donations_pipeline - INFO - [logger.py:93] - Feature importance exported: C:\Users\zifue\Source\Repos\Python_dvl_env\CapstoneProject\Data\Output\IDR_v1\since_2000\field_importance_propensity_LightGBM.csv
2025-10-27 21:13:25,965 - donations_pipeline - INFO - [logger.py:70] - Completed: Training Re-donation Propensity Models (128.93s)
2025-10-27 21:13:26,051 - donations_pipeline - INFO - [logger.py:59] - Starting: Training Major Gift Propensity Models
2025-10-27 21:13:26,053 - donations_pipeline - INFO - [logger.py:93] - Building major gift panel: 47 cutoffs, threshold=$1,000
2025-10-27 21:13:43,638 - donations_pipeline - INFO - [logger.py:93] - Major gift panel: 115,872 observations, 2,341 major gifts (2.0%)
2025-10-27 21:13:43,801 - donations_pipeline - INFO - [logger.py:93] - Time-based split: train=95,985 (82.8%), test=19,887 (17.2%)
2025-10-27 21:13:43,801 - donations_pipeline - INFO - [logger.py:59] - Starting: Training LogisticRegression
2025-10-27 21:13:43,801 - donations_pipeline - INFO - [logger.py:93] - [LogisticRegression] Building pipeline...
2025-10-27 21:13:43,801 - donations_pipeline - INFO - [logger.py:93] - [LogisticRegression] Starting model fitting (this is the main training step)...
2025-10-27 21:14:09,388 - donations_pipeline - INFO - [logger.py:93] - [LogisticRegression] Model fitting complete.
2025-10-27 21:14:09,388 - donations_pipeline - INFO - [logger.py:93] - [LogisticRegression] Starting model evaluation on test data...
2025-10-27 21:14:09,548 - donations_pipeline - INFO - [logger.py:93] - LogisticRegression: AUC=0.906, F1=0.930
2025-10-27 21:14:09,548 - donations_pipeline - INFO - [logger.py:93] - [LogisticRegression] Model evaluation complete.
2025-10-27 21:14:09,548 - donations_pipeline - INFO - [logger.py:93] - [LogisticRegression] Storing results and saving model artifacts to disk...
2025-10-27 21:14:09,553 - donations_pipeline - INFO - [logger.py:93] - Model saved: C:\Users\zifue\Source\Repos\Python_dvl_env\CapstoneProject\Data\Output\IDR_v1\since_2000\propensity_LogisticRegression_model.pkl
2025-10-27 21:14:09,554 - donations_pipeline - INFO - [logger.py:93] - [LogisticRegression] Artifacts saved successfully.
2025-10-27 21:14:09,554 - donations_pipeline - INFO - [logger.py:70] - Completed: Training LogisticRegression (25.75s)
2025-10-27 21:14:09,555 - donations_pipeline - INFO - [logger.py:59] - Starting: Training RandomForest
2025-10-27 21:14:09,555 - donations_pipeline - INFO - [logger.py:93] - [RandomForest] Building pipeline...
2025-10-27 21:14:09,555 - donations_pipeline - INFO - [logger.py:93] - [RandomForest] Starting model fitting (this is the main training step)...
2025-10-27 21:14:37,885 - donations_pipeline - INFO - [logger.py:93] - [RandomForest] Model fitting complete.
2025-10-27 21:14:37,886 - donations_pipeline - INFO - [logger.py:93] - [RandomForest] Starting model evaluation on test data...
2025-10-27 21:14:39,122 - donations_pipeline - INFO - [logger.py:93] - RandomForest: AUC=0.923, F1=0.985
2025-10-27 21:14:39,123 - donations_pipeline - INFO - [logger.py:93] - [RandomForest] Model evaluation complete.
2025-10-27 21:14:39,124 - donations_pipeline - INFO - [logger.py:93] - [RandomForest] Storing results and saving model artifacts to disk...
2025-10-27 21:14:39,764 - donations_pipeline - INFO - [logger.py:93] - Model saved: C:\Users\zifue\Source\Repos\Python_dvl_env\CapstoneProject\Data\Output\IDR_v1\since_2000\propensity_RandomForest_model.pkl
2025-10-27 21:14:39,765 - donations_pipeline - INFO - [logger.py:93] - [RandomForest] Artifacts saved successfully.
2025-10-27 21:14:39,766 - donations_pipeline - INFO - [logger.py:70] - Completed: Training RandomForest (30.21s)
2025-10-27 21:14:39,766 - donations_pipeline - INFO - [logger.py:59] - Starting: Training LightGBM
2025-10-27 21:14:39,767 - donations_pipeline - INFO - [logger.py:93] - [LightGBM] Building pipeline...
2025-10-27 21:14:39,767 - donations_pipeline - INFO - [logger.py:93] - [LightGBM] Starting model fitting (this is the main training step)...
2025-10-27 21:14:41,370 - donations_pipeline - INFO - [logger.py:93] - [LightGBM] Model fitting complete.
2025-10-27 21:14:41,371 - donations_pipeline - INFO - [logger.py:93] - [LightGBM] Starting model evaluation on test data...
2025-10-27 21:14:41,747 - donations_pipeline - INFO - [logger.py:93] - LightGBM: AUC=0.938, F1=0.957
2025-10-27 21:14:41,747 - donations_pipeline - INFO - [logger.py:93] - [LightGBM] Model evaluation complete.
2025-10-27 21:14:41,748 - donations_pipeline - INFO - [logger.py:93] - [LightGBM] Storing results and saving model artifacts to disk...
2025-10-27 21:14:41,781 - donations_pipeline - INFO - [logger.py:93] - Model saved: C:\Users\zifue\Source\Repos\Python_dvl_env\CapstoneProject\Data\Output\IDR_v1\since_2000\propensity_LightGBM_model.pkl
2025-10-27 21:14:41,783 - donations_pipeline - INFO - [logger.py:93] - [LightGBM] Artifacts saved successfully.
2025-10-27 21:14:41,783 - donations_pipeline - INFO - [logger.py:70] - Completed: Training LightGBM (2.02s)
2025-10-27 21:14:41,795 - donations_pipeline - INFO - [logger.py:93] - Model saved: C:\Users\zifue\Source\Repos\Python_dvl_env\CapstoneProject\Data\Output\IDR_v1\since_2000\major_gift_LogisticRegression_model.pkl
2025-10-27 21:14:42,189 - donations_pipeline - INFO - [logger.py:93] - Model saved: C:\Users\zifue\Source\Repos\Python_dvl_env\CapstoneProject\Data\Output\IDR_v1\since_2000\major_gift_RandomForest_model.pkl
2025-10-27 21:14:42,222 - donations_pipeline - INFO - [logger.py:93] - Model saved: C:\Users\zifue\Source\Repos\Python_dvl_env\CapstoneProject\Data\Output\IDR_v1\since_2000\major_gift_LightGBM_model.pkl
2025-10-27 21:14:42,525 - donations_pipeline - INFO - [logger.py:93] - Feature importance exported: C:\Users\zifue\Source\Repos\Python_dvl_env\CapstoneProject\Data\Output\IDR_v1\since_2000\field_importance_major_gift_RandomForest.csv
2025-10-27 21:14:42,536 - donations_pipeline - INFO - [logger.py:93] - Feature importance exported: C:\Users\zifue\Source\Repos\Python_dvl_env\CapstoneProject\Data\Output\IDR_v1\since_2000\field_importance_major_gift_LightGBM.csv
2025-10-27 21:14:42,537 - donations_pipeline - INFO - [logger.py:70] - Completed: Training Major Gift Propensity Models (76.48s)
2025-10-27 21:14:42,579 - donations_pipeline - INFO - [logger.py:59] - Starting: Training Amount Prediction Model
2025-10-27 21:14:42,581 - donations_pipeline - INFO - [logger.py:93] - Building amount dataset with cutoff: 2024-08-11
2025-10-27 21:14:43,196 - donations_pipeline - INFO - [logger.py:93] - Amount dataset: 294 donors, median target=$200.00
2025-10-27 21:14:43,208 - donations_pipeline - INFO - [logger.py:93] - Random split: train=220, test=74
2025-10-27 21:14:43,209 - donations_pipeline - INFO - [logger.py:59] - Starting: Training Amount Regressor
2025-10-27 21:14:43,722 - donations_pipeline - INFO - [logger.py:93] - Amount Model: MAE=$1375.58, R²=0.662
2025-10-27 21:14:43,838 - donations_pipeline - INFO - [logger.py:93] - Model saved: C:\Users\zifue\Source\Repos\Python_dvl_env\CapstoneProject\Data\Output\IDR_v1\since_2000\amount_predictor_model.pkl
2025-10-27 21:14:43,841 - donations_pipeline - INFO - [logger.py:70] - Completed: Training Amount Regressor (0.63s)
2025-10-27 21:14:43,841 - donations_pipeline - INFO - [logger.py:70] - Completed: Training Amount Prediction Model (1.26s)
2025-10-27 21:14:43,841 - donations_pipeline - INFO - [logger.py:59] - Starting: Training Time-to-Next Model
2025-10-27 21:14:43,843 - donations_pipeline - INFO - [logger.py:93] - Building time dataset: 49 cutoffs
2025-10-27 21:14:58,737 - donations_pipeline - INFO - [logger.py:93] - Time dataset: 33,287 observations, median=270.0 days
2025-10-27 21:14:58,799 - donations_pipeline - INFO - [logger.py:93] - Time-based split: train=26,663 (80.1%), test=6,624 (19.9%)
2025-10-27 21:14:58,800 - donations_pipeline - INFO - [logger.py:59] - Starting: Training Time-to-Next Regressor
2025-10-27 21:19:13,767 - donations_pipeline - INFO - [logger.py:93] - Time Model: MAE=393.7 days, R²=-1.516
2025-10-27 21:19:15,687 - donations_pipeline - INFO - [logger.py:93] - Model saved: C:\Users\zifue\Source\Repos\Python_dvl_env\CapstoneProject\Data\Output\IDR_v1\since_2000\time_to_next_predictor_model.pkl
2025-10-27 21:19:15,689 - donations_pipeline - INFO - [logger.py:70] - Completed: Training Time-to-Next Regressor (256.89s)
2025-10-27 21:19:15,691 - donations_pipeline - INFO - [logger.py:70] - Completed: Training Time-to-Next Model (271.85s)
2025-10-27 21:19:15,699 - donations_pipeline - INFO - [logger.py:59] - Starting: Training Preference Model
2025-10-27 21:19:15,705 - donations_pipeline - INFO - [logger.py:93] - Building preference dataset for fund: 47 cutoffs
2025-10-27 21:19:40,569 - donations_pipeline - INFO - [logger.py:93] - Preference dataset: 19,541 observations, 6 fund categories
2025-10-27 21:19:40,631 - donations_pipeline - INFO - [logger.py:93] - Time-based split: train=15,957 (81.7%), test=3,584 (18.3%)
2025-10-27 21:19:40,632 - donations_pipeline - INFO - [logger.py:59] - Starting: Training Preference Classifier (LightGBM)
2025-10-27 21:19:45,023 - donations_pipeline - INFO - [logger.py:93] - Preference Model: fund, Weighted F1=0.589, 6 classes
2025-10-27 21:19:45,163 - donations_pipeline - INFO - [logger.py:93] - Model saved: C:\Users\zifue\Source\Repos\Python_dvl_env\CapstoneProject\Data\Output\IDR_v1\since_2000\preference_fund_model.pkl
2025-10-27 21:19:45,165 - donations_pipeline - INFO - [logger.py:70] - Completed: Training Preference Classifier (LightGBM) (4.53s)
2025-10-27 21:19:45,165 - donations_pipeline - INFO - [logger.py:70] - Completed: Training Preference Model (29.47s)
2025-10-27 21:19:45,168 - donations_pipeline - INFO - [logger.py:70] - Completed: [4/6] Predictive Analytics - since_2000 (508.13s)
2025-10-27 21:19:45,168 - donations_pipeline - INFO - [logger.py:59] - Starting: [5/6] Actionable Lists - since_2000
2025-10-27 21:19:45,169 - donations_pipeline - INFO - [logger.py:59] - Starting: Generating Prospecting Playbook
2025-10-27 21:19:47,238 - donations_pipeline - ERROR - [logger.py:65] - Failed: Generating Prospecting Playbook - 'DatetimeIndex' object has no attribute 'dt'
Traceback (most recent call last):
  File "C:\Users\zifue\Source\Repos\Python_dvl_env\CapstoneProject\donations_pipeline\logger.py", line 63, in timed_operation
    yield
  File "C:\Users\zifue\Source\Repos\Python_dvl_env\CapstoneProject\donations_pipeline\predictive_pipeline.py", line 255, in _generate_playbook
    time_preds = self._predict_next_date(df, time_model, residuals)
                 ^^^^^^^^^^^^^^^^^^^^^^^^^^^^^^^^^^^^^^^^^^^^^^^^^^
  File "C:\Users\zifue\Source\Repos\Python_dvl_env\CapstoneProject\donations_pipeline\predictive_pipeline.py", line 702, in _predict_next_date
    pred_date_point = (pd.to_datetime(cutoff) + pd.to_timedelta(pred_days, unit='D')).dt.date
                      ^^^^^^^^^^^^^^^^^^^^^^^^^^^^^^^^^^^^^^^^^^^^^^^^^^^^^^^^^^^^^^^^^^
AttributeError: 'DatetimeIndex' object has no attribute 'dt'
2025-10-27 21:19:47,242 - donations_pipeline - INFO - [logger.py:70] - Completed: Generating Prospecting Playbook (2.07s)
2025-10-27 21:19:47,243 - donations_pipeline - ERROR - [logger.py:101] - Playbook generation failed: 'DatetimeIndex' object has no attribute 'dt'
Traceback (most recent call last):
  File "C:\Users\zifue\Source\Repos\Python_dvl_env\CapstoneProject\donations_pipeline\predictive_pipeline.py", line 255, in _generate_playbook
    time_preds = self._predict_next_date(df, time_model, residuals)
                 ^^^^^^^^^^^^^^^^^^^^^^^^^^^^^^^^^^^^^^^^^^^^^^^^^^
  File "C:\Users\zifue\Source\Repos\Python_dvl_env\CapstoneProject\donations_pipeline\predictive_pipeline.py", line 702, in _predict_next_date
    pred_date_point = (pd.to_datetime(cutoff) + pd.to_timedelta(pred_days, unit='D')).dt.date
                      ^^^^^^^^^^^^^^^^^^^^^^^^^^^^^^^^^^^^^^^^^^^^^^^^^^^^^^^^^^^^^^^^^^
AttributeError: 'DatetimeIndex' object has no attribute 'dt'
2025-10-27 21:19:47,489 - donations_pipeline - INFO - [logger.py:93] - Generated lapsed_12m: 3480 donors
2025-10-27 21:19:47,489 - donations_pipeline - INFO - [logger.py:93] - Generated high_potential_sleeper: 1709 donors
2025-10-27 21:19:47,490 - donations_pipeline - INFO - [logger.py:93] - Generated upgrade_candidates: 76 donors
2025-10-27 21:19:47,490 - donations_pipeline - INFO - [logger.py:93] - Generated new_donors_90d: 46 donors
2025-10-27 21:19:47,549 - donations_pipeline - INFO - [logger.py:70] - Completed: [5/6] Actionable Lists - since_2000 (2.38s)
2025-10-27 21:19:47,676 - donations_pipeline - INFO - [logger.py:59] - Starting: [6/6] Packaging Results
2025-10-27 21:19:47,677 - donations_pipeline - INFO - [logger.py:93] - Bundling results to Excel: Donations_DataModellingResult_v2.xlsx
2025-10-27 21:19:54,250 - donations_pipeline - INFO - [logger.py:93] - Excel bundle created: 23 sheets, 0.6 MB
2025-10-27 21:19:54,319 - donations_pipeline - INFO - [logger.py:93] - Archived 28 files to: archive_20251027
2025-10-27 21:19:54,319 - donations_pipeline - INFO - [logger.py:70] - Completed: [6/6] Packaging Results (6.64s)
2025-10-27 21:19:54,322 - donations_pipeline - INFO - [logger.py:89] - Timing report saved to: C:\Users\zifue\Source\Repos\Python_dvl_env\CapstoneProject\Data\Output\IDR_v1\pipeline_timing.txt
2025-10-27 21:19:54,323 - donations_pipeline - INFO - [logger.py:93] - ================================================================================
2025-10-27 21:19:54,324 - donations_pipeline - INFO - [logger.py:93] - Pipeline completed successfully!
2025-10-27 21:19:54,324 - donations_pipeline - INFO - [logger.py:93] - Results saved to: C:\Users\zifue\Source\Repos\Python_dvl_env\CapstoneProject\Data\Output\IDR_v1
2025-10-27 21:19:54,324 - donations_pipeline - INFO - [logger.py:93] - ================================================================================
2025-10-27 21:24:56,947 - donations_pipeline - INFO - [logger.py:93] - ================================================================================
2025-10-27 21:24:56,948 - donations_pipeline - INFO - [logger.py:93] - Donations Analytics Pipeline - Starting
2025-10-27 21:24:56,949 - donations_pipeline - INFO - [logger.py:93] - ================================================================================
2025-10-27 21:24:56,949 - donations_pipeline - INFO - [logger.py:59] - Starting: [1/6] Data Loading
2025-10-27 21:24:56,950 - donations_pipeline - INFO - [logger.py:93] - Loading data from CSV: C:\Users\zifue\Source\Repos\Python_dvl_env\CapstoneProject\Data\Input\FullDataTable.csv
2025-10-27 21:24:57,135 - donations_pipeline - INFO - [logger.py:93] - Loaded 35,612 rows, 43 columns
2025-10-27 21:24:57,169 - donations_pipeline - INFO - [logger.py:93] - ✓ All required columns present
2025-10-27 21:24:57,170 - donations_pipeline - WARNING - [logger.py:97] - Amount: 903 negative values
2025-10-27 21:24:57,170 - donations_pipeline - WARNING - [logger.py:97] - Amount: 7 zero values
2025-10-27 21:24:57,170 - donations_pipeline - INFO - [logger.py:93] - ✓ Data quality checks passed (35,612 rows)
2025-10-27 21:24:57,172 - donations_pipeline - INFO - [logger.py:93] - ✓ Date range: 1899-12-31 to 2025-08-11 (125.6 years)
2025-10-27 21:24:57,172 - donations_pipeline - WARNING - [logger.py:97] - Date range exceeds 50 years - verify data
2025-10-27 21:24:57,198 - donations_pipeline - WARNING - [logger.py:97] - Relationship flag issues detected:
  - PastParent: 12 invalid values
2025-10-27 21:24:57,198 - donations_pipeline - INFO - [logger.py:70] - Completed: [1/6] Data Loading (0.25s)
2025-10-27 21:24:57,198 - donations_pipeline - INFO - [logger.py:59] - Starting: [2/6] Data Preprocessing
2025-10-27 21:24:57,199 - donations_pipeline - INFO - [logger.py:93] - Starting data preprocessing
2025-10-27 21:24:57,316 - donations_pipeline - WARNING - [logger.py:97] - PastParent: Found 12 rows with invalid values
2025-10-27 21:24:57,360 - donations_pipeline - INFO - [logger.py:93] - Exported 12 relationship flag anomalies to: C:\Users\zifue\Source\Repos\Python_dvl_env\CapstoneProject\Data\Output\IDR_v1\relationship_flag_anomalies.csv
2025-10-27 21:24:57,567 - donations_pipeline - INFO - [logger.py:93] - Removed 910 rows with non-positive amounts
2025-10-27 21:24:57,571 - donations_pipeline - INFO - [logger.py:93] - Preprocessing complete: 35,612 → 34,702 rows (43 → 46 columns)
2025-10-27 21:24:57,883 - donations_pipeline - INFO - [logger.py:93] - Cleaned data exported: C:\Users\zifue\Source\Repos\Python_dvl_env\CapstoneProject\Data\Output\IDR_v1\cleaned_donations.csv
2025-10-27 21:24:57,883 - donations_pipeline - INFO - [logger.py:70] - Completed: [2/6] Data Preprocessing (0.69s)
2025-10-27 21:24:57,884 - donations_pipeline - INFO - [logger.py:93] - Ensuring sklearn compatibility (converting pd.NA)...
2025-10-27 21:24:58,349 - donations_pipeline - INFO - [logger.py:93] - Conversion complete
2025-10-27 21:24:58,364 - donations_pipeline - INFO - [logger.py:93] - 
================================================================================
2025-10-27 21:24:58,365 - donations_pipeline - INFO - [logger.py:93] - Analyzing: Since 2000
2025-10-27 21:24:58,366 - donations_pipeline - INFO - [logger.py:93] - ================================================================================
2025-10-27 21:24:58,367 - donations_pipeline - INFO - [logger.py:59] - Starting: [3/6] Basic Data Analytics - since_2000
2025-10-27 21:24:58,406 - donations_pipeline - INFO - [logger.py:93] - Yearly trend: 26 years, total $21,376,073
2025-10-27 21:24:58,461 - donations_pipeline - INFO - [logger.py:93] - Monthly trend: 303 months
2025-10-27 21:24:58,672 - donations_pipeline - INFO - [logger.py:93] - Appeal analysis: 182 appeals, top: 2021MG
2025-10-27 21:24:58,680 - donations_pipeline - INFO - [logger.py:93] - Fund analysis: 7 funds, top: BF
2025-10-27 21:24:58,681 - donations_pipeline - INFO - [logger.py:93] - Generated 8 descriptive reports
2025-10-27 21:24:58,697 - donations_pipeline - INFO - [logger.py:59] - Starting: RFM Computation
2025-10-27 21:24:58,716 - donations_pipeline - INFO - [logger.py:93] - Using computed reference date: 2025-08-12
2025-10-27 21:24:59,374 - donations_pipeline - INFO - [logger.py:93] - RFM Segment distribution:
2025-10-27 21:24:59,376 - donations_pipeline - INFO - [logger.py:93] -   Regular: 2,341 (55.2%)
2025-10-27 21:24:59,376 - donations_pipeline - INFO - [logger.py:93] -   At Risk / Lapsed: 903 (21.3%)
2025-10-27 21:24:59,377 - donations_pipeline - INFO - [logger.py:93] -   Champion: 682 (16.1%)
2025-10-27 21:24:59,377 - donations_pipeline - INFO - [logger.py:93] -   Loyal: 170 (4.0%)
2025-10-27 21:24:59,377 - donations_pipeline - INFO - [logger.py:93] -   High Potential: 148 (3.5%)
2025-10-27 21:24:59,378 - donations_pipeline - INFO - [logger.py:93] - RFM computed for 4,244 donors
2025-10-27 21:24:59,378 - donations_pipeline - INFO - [logger.py:70] - Completed: RFM Computation (0.68s)
2025-10-27 21:24:59,405 - donations_pipeline - INFO - [logger.py:93] - Identified 2,650 lapsed donors (>730 days, ≥$200 lifetime)
2025-10-27 21:24:59,431 - donations_pipeline - INFO - [logger.py:93] - Relationship summary: 17 unique combinations
2025-10-27 21:24:59,455 - donations_pipeline - INFO - [logger.py:70] - Completed: [3/6] Basic Data Analytics - since_2000 (1.09s)
2025-10-27 21:24:59,455 - donations_pipeline - INFO - [logger.py:59] - Starting: [4/6] Predictive Analytics - since_2000
2025-10-27 21:24:59,456 - donations_pipeline - INFO - [logger.py:59] - Starting: Training Re-donation Propensity Models
2025-10-27 21:24:59,460 - donations_pipeline - INFO - [logger.py:93] - Building re-donation panel: 47 cutoffs
2025-10-27 21:25:18,863 - donations_pipeline - INFO - [logger.py:93] - Panel created: 115,872 observations, 19,541 positive labels (16.9%)
2025-10-27 21:25:19,050 - donations_pipeline - INFO - [logger.py:93] - Time-based split: train=95,985 (82.8%), test=19,887 (17.2%)
2025-10-27 21:25:19,343 - donations_pipeline - INFO - [logger.py:59] - Starting: Training LogisticRegression
2025-10-27 21:25:19,344 - donations_pipeline - INFO - [logger.py:93] - [LogisticRegression] Building pipeline...
2025-10-27 21:25:19,344 - donations_pipeline - INFO - [logger.py:93] - [LogisticRegression] Starting model fitting (this is the main training step)...
2025-10-27 21:25:44,436 - donations_pipeline - INFO - [logger.py:93] - [LogisticRegression] Model fitting complete.
2025-10-27 21:25:44,436 - donations_pipeline - INFO - [logger.py:93] - [LogisticRegression] Starting model evaluation on test data...
2025-10-27 21:25:44,591 - donations_pipeline - INFO - [logger.py:93] - LogisticRegression: AUC=0.911, F1=0.841
2025-10-27 21:25:44,591 - donations_pipeline - INFO - [logger.py:93] - [LogisticRegression] Model evaluation complete.
2025-10-27 21:25:44,592 - donations_pipeline - INFO - [logger.py:93] - [LogisticRegression] Storing results and saving model artifacts to disk...
2025-10-27 21:25:44,596 - donations_pipeline - INFO - [logger.py:93] - Model saved: C:\Users\zifue\Source\Repos\Python_dvl_env\CapstoneProject\Data\Output\IDR_v1\since_2000\propensity_LogisticRegression_model.pkl
2025-10-27 21:25:44,598 - donations_pipeline - INFO - [logger.py:93] - [LogisticRegression] Artifacts saved successfully.
2025-10-27 21:25:44,599 - donations_pipeline - INFO - [logger.py:70] - Completed: Training LogisticRegression (25.25s)
2025-10-27 21:25:44,600 - donations_pipeline - INFO - [logger.py:59] - Starting: Training RandomForest
2025-10-27 21:25:44,601 - donations_pipeline - INFO - [logger.py:93] - [RandomForest] Building pipeline...
2025-10-27 21:25:44,601 - donations_pipeline - INFO - [logger.py:93] - [RandomForest] Starting model fitting (this is the main training step)...
2025-10-27 21:27:09,464 - donations_pipeline - INFO - [logger.py:93] - [RandomForest] Model fitting complete.
2025-10-27 21:27:09,465 - donations_pipeline - INFO - [logger.py:93] - [RandomForest] Starting model evaluation on test data...
2025-10-27 21:27:10,458 - donations_pipeline - INFO - [logger.py:93] - RandomForest: AUC=0.916, F1=0.930
2025-10-27 21:27:10,459 - donations_pipeline - INFO - [logger.py:93] - [RandomForest] Model evaluation complete.
2025-10-27 21:27:10,459 - donations_pipeline - INFO - [logger.py:93] - [RandomForest] Storing results and saving model artifacts to disk...
2025-10-27 21:27:11,598 - donations_pipeline - INFO - [logger.py:93] - Model saved: C:\Users\zifue\Source\Repos\Python_dvl_env\CapstoneProject\Data\Output\IDR_v1\since_2000\propensity_RandomForest_model.pkl
2025-10-27 21:27:11,599 - donations_pipeline - INFO - [logger.py:93] - [RandomForest] Artifacts saved successfully.
2025-10-27 21:27:11,600 - donations_pipeline - INFO - [logger.py:70] - Completed: Training RandomForest (87.00s)
2025-10-27 21:27:11,601 - donations_pipeline - INFO - [logger.py:59] - Starting: Training LightGBM
2025-10-27 21:27:11,602 - donations_pipeline - INFO - [logger.py:93] - [LightGBM] Building pipeline...
2025-10-27 21:27:11,603 - donations_pipeline - INFO - [logger.py:93] - [LightGBM] Starting model fitting (this is the main training step)...
2025-10-27 21:27:14,891 - donations_pipeline - INFO - [logger.py:93] - [LightGBM] Model fitting complete.
2025-10-27 21:27:14,892 - donations_pipeline - INFO - [logger.py:93] - [LightGBM] Starting model evaluation on test data...
2025-10-27 21:27:15,165 - donations_pipeline - INFO - [logger.py:93] - LightGBM: AUC=0.921, F1=0.887
2025-10-27 21:27:15,166 - donations_pipeline - INFO - [logger.py:93] - [LightGBM] Model evaluation complete.
2025-10-27 21:27:15,166 - donations_pipeline - INFO - [logger.py:93] - [LightGBM] Storing results and saving model artifacts to disk...
2025-10-27 21:27:15,195 - donations_pipeline - INFO - [logger.py:93] - Model saved: C:\Users\zifue\Source\Repos\Python_dvl_env\CapstoneProject\Data\Output\IDR_v1\since_2000\propensity_LightGBM_model.pkl
2025-10-27 21:27:15,198 - donations_pipeline - INFO - [logger.py:93] - [LightGBM] Artifacts saved successfully.
2025-10-27 21:27:15,198 - donations_pipeline - INFO - [logger.py:70] - Completed: Training LightGBM (3.60s)
2025-10-27 21:27:15,558 - donations_pipeline - INFO - [logger.py:93] - Feature importance exported: C:\Users\zifue\Source\Repos\Python_dvl_env\CapstoneProject\Data\Output\IDR_v1\since_2000\field_importance_propensity_RandomForest.csv
2025-10-27 21:27:15,564 - donations_pipeline - INFO - [logger.py:93] - Feature importance exported: C:\Users\zifue\Source\Repos\Python_dvl_env\CapstoneProject\Data\Output\IDR_v1\since_2000\field_importance_propensity_LightGBM.csv
2025-10-27 21:27:15,565 - donations_pipeline - INFO - [logger.py:70] - Completed: Training Re-donation Propensity Models (136.11s)
2025-10-27 21:27:15,645 - donations_pipeline - INFO - [logger.py:59] - Starting: Training Major Gift Propensity Models
2025-10-27 21:27:15,646 - donations_pipeline - INFO - [logger.py:93] - Building major gift panel: 47 cutoffs, threshold=$1,000
2025-10-27 21:27:32,769 - donations_pipeline - INFO - [logger.py:93] - Major gift panel: 115,872 observations, 2,341 major gifts (2.0%)
2025-10-27 21:27:32,924 - donations_pipeline - INFO - [logger.py:93] - Time-based split: train=95,985 (82.8%), test=19,887 (17.2%)
2025-10-27 21:27:32,924 - donations_pipeline - INFO - [logger.py:59] - Starting: Training LogisticRegression
2025-10-27 21:27:32,924 - donations_pipeline - INFO - [logger.py:93] - [LogisticRegression] Building pipeline...
2025-10-27 21:27:32,925 - donations_pipeline - INFO - [logger.py:93] - [LogisticRegression] Starting model fitting (this is the main training step)...
2025-10-27 21:28:00,859 - donations_pipeline - INFO - [logger.py:93] - [LogisticRegression] Model fitting complete.
2025-10-27 21:28:00,859 - donations_pipeline - INFO - [logger.py:93] - [LogisticRegression] Starting model evaluation on test data...
2025-10-27 21:28:01,046 - donations_pipeline - INFO - [logger.py:93] - LogisticRegression: AUC=0.906, F1=0.930
2025-10-27 21:28:01,046 - donations_pipeline - INFO - [logger.py:93] - [LogisticRegression] Model evaluation complete.
2025-10-27 21:28:01,047 - donations_pipeline - INFO - [logger.py:93] - [LogisticRegression] Storing results and saving model artifacts to disk...
2025-10-27 21:28:01,052 - donations_pipeline - INFO - [logger.py:93] - Model saved: C:\Users\zifue\Source\Repos\Python_dvl_env\CapstoneProject\Data\Output\IDR_v1\since_2000\propensity_LogisticRegression_model.pkl
2025-10-27 21:28:01,053 - donations_pipeline - INFO - [logger.py:93] - [LogisticRegression] Artifacts saved successfully.
2025-10-27 21:28:01,053 - donations_pipeline - INFO - [logger.py:70] - Completed: Training LogisticRegression (28.13s)
2025-10-27 21:28:01,053 - donations_pipeline - INFO - [logger.py:59] - Starting: Training RandomForest
2025-10-27 21:28:01,054 - donations_pipeline - INFO - [logger.py:93] - [RandomForest] Building pipeline...
2025-10-27 21:28:01,054 - donations_pipeline - INFO - [logger.py:93] - [RandomForest] Starting model fitting (this is the main training step)...
2025-10-27 21:28:28,832 - donations_pipeline - INFO - [logger.py:93] - [RandomForest] Model fitting complete.
2025-10-27 21:28:28,835 - donations_pipeline - INFO - [logger.py:93] - [RandomForest] Starting model evaluation on test data...
2025-10-27 21:28:29,808 - donations_pipeline - INFO - [logger.py:93] - RandomForest: AUC=0.923, F1=0.985
2025-10-27 21:28:29,809 - donations_pipeline - INFO - [logger.py:93] - [RandomForest] Model evaluation complete.
2025-10-27 21:28:29,809 - donations_pipeline - INFO - [logger.py:93] - [RandomForest] Storing results and saving model artifacts to disk...
2025-10-27 21:28:30,318 - donations_pipeline - INFO - [logger.py:93] - Model saved: C:\Users\zifue\Source\Repos\Python_dvl_env\CapstoneProject\Data\Output\IDR_v1\since_2000\propensity_RandomForest_model.pkl
2025-10-27 21:28:30,320 - donations_pipeline - INFO - [logger.py:93] - [RandomForest] Artifacts saved successfully.
2025-10-27 21:28:30,321 - donations_pipeline - INFO - [logger.py:70] - Completed: Training RandomForest (29.27s)
2025-10-27 21:28:30,322 - donations_pipeline - INFO - [logger.py:59] - Starting: Training LightGBM
2025-10-27 21:28:30,322 - donations_pipeline - INFO - [logger.py:93] - [LightGBM] Building pipeline...
2025-10-27 21:28:30,322 - donations_pipeline - INFO - [logger.py:93] - [LightGBM] Starting model fitting (this is the main training step)...
2025-10-27 21:28:31,882 - donations_pipeline - INFO - [logger.py:93] - [LightGBM] Model fitting complete.
2025-10-27 21:28:31,883 - donations_pipeline - INFO - [logger.py:93] - [LightGBM] Starting model evaluation on test data...
2025-10-27 21:28:32,259 - donations_pipeline - INFO - [logger.py:93] - LightGBM: AUC=0.938, F1=0.957
2025-10-27 21:28:32,260 - donations_pipeline - INFO - [logger.py:93] - [LightGBM] Model evaluation complete.
2025-10-27 21:28:32,260 - donations_pipeline - INFO - [logger.py:93] - [LightGBM] Storing results and saving model artifacts to disk...
2025-10-27 21:28:32,296 - donations_pipeline - INFO - [logger.py:93] - Model saved: C:\Users\zifue\Source\Repos\Python_dvl_env\CapstoneProject\Data\Output\IDR_v1\since_2000\propensity_LightGBM_model.pkl
2025-10-27 21:28:32,298 - donations_pipeline - INFO - [logger.py:93] - [LightGBM] Artifacts saved successfully.
2025-10-27 21:28:32,299 - donations_pipeline - INFO - [logger.py:70] - Completed: Training LightGBM (1.98s)
2025-10-27 21:28:32,312 - donations_pipeline - INFO - [logger.py:93] - Model saved: C:\Users\zifue\Source\Repos\Python_dvl_env\CapstoneProject\Data\Output\IDR_v1\since_2000\major_gift_LogisticRegression_model.pkl
2025-10-27 21:28:32,703 - donations_pipeline - INFO - [logger.py:93] - Model saved: C:\Users\zifue\Source\Repos\Python_dvl_env\CapstoneProject\Data\Output\IDR_v1\since_2000\major_gift_RandomForest_model.pkl
2025-10-27 21:28:32,738 - donations_pipeline - INFO - [logger.py:93] - Model saved: C:\Users\zifue\Source\Repos\Python_dvl_env\CapstoneProject\Data\Output\IDR_v1\since_2000\major_gift_LightGBM_model.pkl
2025-10-27 21:28:33,032 - donations_pipeline - INFO - [logger.py:93] - Feature importance exported: C:\Users\zifue\Source\Repos\Python_dvl_env\CapstoneProject\Data\Output\IDR_v1\since_2000\field_importance_major_gift_RandomForest.csv
2025-10-27 21:28:33,047 - donations_pipeline - INFO - [logger.py:93] - Feature importance exported: C:\Users\zifue\Source\Repos\Python_dvl_env\CapstoneProject\Data\Output\IDR_v1\since_2000\field_importance_major_gift_LightGBM.csv
2025-10-27 21:28:33,048 - donations_pipeline - INFO - [logger.py:70] - Completed: Training Major Gift Propensity Models (77.40s)
2025-10-27 21:28:33,090 - donations_pipeline - INFO - [logger.py:59] - Starting: Training Amount Prediction Model
2025-10-27 21:28:33,092 - donations_pipeline - INFO - [logger.py:93] - Building amount dataset with cutoff: 2024-08-11
2025-10-27 21:28:33,778 - donations_pipeline - INFO - [logger.py:93] - Amount dataset: 294 donors, median target=$200.00
2025-10-27 21:28:33,790 - donations_pipeline - INFO - [logger.py:93] - Random split: train=220, test=74
2025-10-27 21:28:33,791 - donations_pipeline - INFO - [logger.py:59] - Starting: Training Amount Regressor
2025-10-27 21:28:34,326 - donations_pipeline - INFO - [logger.py:93] - Amount Model: MAE=$1375.58, R²=0.662
2025-10-27 21:28:34,439 - donations_pipeline - INFO - [logger.py:93] - Model saved: C:\Users\zifue\Source\Repos\Python_dvl_env\CapstoneProject\Data\Output\IDR_v1\since_2000\amount_predictor_model.pkl
2025-10-27 21:28:34,441 - donations_pipeline - INFO - [logger.py:70] - Completed: Training Amount Regressor (0.65s)
2025-10-27 21:28:34,441 - donations_pipeline - INFO - [logger.py:70] - Completed: Training Amount Prediction Model (1.35s)
2025-10-27 21:28:34,441 - donations_pipeline - INFO - [logger.py:59] - Starting: Training Time-to-Next Model
2025-10-27 21:28:34,444 - donations_pipeline - INFO - [logger.py:93] - Building time dataset: 49 cutoffs
2025-10-27 21:28:49,850 - donations_pipeline - INFO - [logger.py:93] - Time dataset: 33,287 observations, median=270.0 days
2025-10-27 21:28:49,905 - donations_pipeline - INFO - [logger.py:93] - Time-based split: train=26,663 (80.1%), test=6,624 (19.9%)
2025-10-27 21:28:49,905 - donations_pipeline - INFO - [logger.py:59] - Starting: Training Time-to-Next Regressor
2025-10-27 21:33:33,304 - donations_pipeline - INFO - [logger.py:93] - Time Model: MAE=393.7 days, R²=-1.516
2025-10-27 21:33:35,110 - donations_pipeline - INFO - [logger.py:93] - Model saved: C:\Users\zifue\Source\Repos\Python_dvl_env\CapstoneProject\Data\Output\IDR_v1\since_2000\time_to_next_predictor_model.pkl
2025-10-27 21:33:35,113 - donations_pipeline - INFO - [logger.py:70] - Completed: Training Time-to-Next Regressor (285.21s)
2025-10-27 21:33:35,114 - donations_pipeline - INFO - [logger.py:70] - Completed: Training Time-to-Next Model (300.67s)
2025-10-27 21:33:35,122 - donations_pipeline - INFO - [logger.py:59] - Starting: Training Preference Model
2025-10-27 21:33:35,127 - donations_pipeline - INFO - [logger.py:93] - Building preference dataset for fund: 47 cutoffs
2025-10-27 21:33:53,150 - donations_pipeline - INFO - [logger.py:93] - Preference dataset: 19,541 observations, 6 fund categories
2025-10-27 21:33:53,182 - donations_pipeline - INFO - [logger.py:93] - Time-based split: train=15,957 (81.7%), test=3,584 (18.3%)
2025-10-27 21:33:53,182 - donations_pipeline - INFO - [logger.py:59] - Starting: Training Preference Classifier (LightGBM)
2025-10-27 21:33:56,347 - donations_pipeline - INFO - [logger.py:93] - Preference Model: fund, Weighted F1=0.589, 6 classes
2025-10-27 21:33:56,489 - donations_pipeline - INFO - [logger.py:93] - Model saved: C:\Users\zifue\Source\Repos\Python_dvl_env\CapstoneProject\Data\Output\IDR_v1\since_2000\preference_fund_model.pkl
2025-10-27 21:33:56,491 - donations_pipeline - INFO - [logger.py:70] - Completed: Training Preference Classifier (LightGBM) (3.31s)
2025-10-27 21:33:56,492 - donations_pipeline - INFO - [logger.py:70] - Completed: Training Preference Model (21.37s)
2025-10-27 21:33:56,493 - donations_pipeline - INFO - [logger.py:70] - Completed: [4/6] Predictive Analytics - since_2000 (537.04s)
2025-10-27 21:33:56,493 - donations_pipeline - INFO - [logger.py:59] - Starting: [5/6] Actionable Lists - since_2000
2025-10-27 21:33:56,494 - donations_pipeline - INFO - [logger.py:59] - Starting: Generating Prospecting Playbook
2025-10-27 21:33:59,405 - donations_pipeline - INFO - [logger.py:93] - Playbook generated: 4,244 donors
2025-10-27 21:33:59,406 - donations_pipeline - INFO - [logger.py:70] - Completed: Generating Prospecting Playbook (2.91s)
2025-10-27 21:33:59,686 - donations_pipeline - INFO - [logger.py:93] - Generated lapsed_12m: 3480 donors
2025-10-27 21:33:59,686 - donations_pipeline - INFO - [logger.py:93] - Generated high_potential_sleeper: 1709 donors
2025-10-27 21:33:59,686 - donations_pipeline - INFO - [logger.py:93] - Generated upgrade_candidates: 76 donors
2025-10-27 21:33:59,687 - donations_pipeline - INFO - [logger.py:93] - Generated new_donors_90d: 46 donors
2025-10-27 21:33:59,734 - donations_pipeline - INFO - [logger.py:70] - Completed: [5/6] Actionable Lists - since_2000 (3.24s)
2025-10-27 21:33:59,864 - donations_pipeline - INFO - [logger.py:59] - Starting: [6/6] Packaging Results
2025-10-27 21:33:59,865 - donations_pipeline - INFO - [logger.py:93] - Bundling results to Excel: Donations_DataModellingResult_v3.xlsx
2025-10-27 21:34:06,224 - donations_pipeline - INFO - [logger.py:93] - Excel bundle created: 12 sheets, 0.7 MB
2025-10-27 21:34:06,253 - donations_pipeline - INFO - [logger.py:93] - Archived 17 files to: archive_20251027
2025-10-27 21:34:06,254 - donations_pipeline - INFO - [logger.py:70] - Completed: [6/6] Packaging Results (6.39s)
2025-10-27 21:34:06,257 - donations_pipeline - INFO - [logger.py:89] - Timing report saved to: C:\Users\zifue\Source\Repos\Python_dvl_env\CapstoneProject\Data\Output\IDR_v1\pipeline_timing.txt
2025-10-27 21:34:06,257 - donations_pipeline - INFO - [logger.py:93] - ================================================================================
2025-10-27 21:34:06,257 - donations_pipeline - INFO - [logger.py:93] - Pipeline completed successfully!
2025-10-27 21:34:06,258 - donations_pipeline - INFO - [logger.py:93] - Results saved to: C:\Users\zifue\Source\Repos\Python_dvl_env\CapstoneProject\Data\Output\IDR_v1
2025-10-27 21:34:06,258 - donations_pipeline - INFO - [logger.py:93] - ================================================================================
